{"/home/kevin/projects/vehicle-tracker/backend/src/app.ts": {"path":"/home/kevin/projects/vehicle-tracker/backend/src/app.ts","statementMap":{"0":{"start":{"line":2,"column":0},"end":{"line":2,"column":30}},"1":{"start":{"line":3,"column":0},"end":{"line":3,"column":24}},"2":{"start":{"line":4,"column":0},"end":{"line":4,"column":28}},"3":{"start":{"line":5,"column":0},"end":{"line":5,"column":28}},"4":{"start":{"line":6,"column":0},"end":{"line":6,"column":38}},"5":{"start":{"line":7,"column":0},"end":{"line":7,"column":34}},"6":{"start":{"line":10,"column":0},"end":{"line":10,"column":56}},"7":{"start":{"line":13,"column":0},"end":{"line":13,"column":46}},"8":{"start":{"line":14,"column":0},"end":{"line":14,"column":46}},"9":{"start":{"line":15,"column":0},"end":{"line":15,"column":52}},"10":{"start":{"line":16,"column":0},"end":{"line":16,"column":50}},"11":{"start":{"line":17,"column":0},"end":{"line":17,"column":60}},"12":{"start":{"line":19,"column":12},"end":{"line":19,"column":21}},"13":{"start":{"line":22,"column":0},"end":{"line":22,"column":18}},"14":{"start":{"line":23,"column":0},"end":{"line":23,"column":23}},"15":{"start":{"line":24,"column":0},"end":{"line":24,"column":28}},"16":{"start":{"line":25,"column":0},"end":{"line":25,"column":41}},"17":{"start":{"line":26,"column":0},"end":{"line":26,"column":48}},"18":{"start":{"line":28,"column":0},"end":{"line":33,"column":4}},"19":{"start":{"line":36,"column":0},"end":{"line":42,"column":3}},"20":{"start":{"line":37,"column":2},"end":{"line":41,"column":5}},"21":{"start":{"line":45,"column":0},"end":{"line":51,"column":3}},"22":{"start":{"line":46,"column":2},"end":{"line":50,"column":5}},"23":{"start":{"line":54,"column":0},"end":{"line":54,"column":38}},"24":{"start":{"line":55,"column":0},"end":{"line":59,"column":4}},"25":{"start":{"line":62,"column":0},"end":{"line":65,"column":3}},"26":{"start":{"line":63,"column":2},"end":{"line":63,"column":52}},"27":{"start":{"line":64,"column":2},"end":{"line":64,"column":24}},"28":{"start":{"line":68,"column":0},"end":{"line":68,"column":33}},"29":{"start":{"line":69,"column":0},"end":{"line":69,"column":34}},"30":{"start":{"line":70,"column":0},"end":{"line":70,"column":40}},"31":{"start":{"line":71,"column":0},"end":{"line":71,"column":38}},"32":{"start":{"line":72,"column":0},"end":{"line":72,"column":47}},"33":{"start":{"line":75,"column":0},"end":{"line":91,"column":3}},"34":{"start":{"line":76,"column":2},"end":{"line":90,"column":5}},"35":{"start":{"line":94,"column":0},"end":{"line":100,"column":3}},"36":{"start":{"line":95,"column":2},"end":{"line":95,"column":38}},"37":{"start":{"line":96,"column":2},"end":{"line":99,"column":5}},"38":{"start":{"line":102,"column":0},"end":{"line":102,"column":19}}},"fnMap":{"0":{"name":"(anonymous_1)","decl":{"start":{"line":36,"column":19},"end":{"line":36,"column":20}},"loc":{"start":{"line":36,"column":32},"end":{"line":42,"column":1}}},"1":{"name":"(anonymous_2)","decl":{"start":{"line":45,"column":13},"end":{"line":45,"column":14}},"loc":{"start":{"line":45,"column":26},"end":{"line":51,"column":1}}},"2":{"name":"(anonymous_3)","decl":{"start":{"line":62,"column":26},"end":{"line":62,"column":27}},"loc":{"start":{"line":62,"column":39},"end":{"line":65,"column":1}}},"3":{"name":"(anonymous_4)","decl":{"start":{"line":75,"column":8},"end":{"line":75,"column":9}},"loc":{"start":{"line":75,"column":21},"end":{"line":91,"column":1}}},"4":{"name":"(anonymous_5)","decl":{"start":{"line":94,"column":8},"end":{"line":94,"column":9}},"loc":{"start":{"line":94,"column":94},"end":{"line":100,"column":1}}}},"branchMap":{"0":{"loc":{"start":{"line":96,"column":13},"end":{"line":96,"column":30}},"type":"binary-expr","locations":[{"start":{"line":96,"column":13},"end":{"line":96,"column":23}},{"start":{"line":96,"column":27},"end":{"line":96,"column":30}}]},"1":{"loc":{"start":{"line":98,"column":11},"end":{"line":98,"column":49}},"type":"binary-expr","locations":[{"start":{"line":98,"column":11},"end":{"line":98,"column":22}},{"start":{"line":98,"column":26},"end":{"line":98,"column":49}}]}},"s":{"0":4,"1":4,"2":4,"3":4,"4":4,"5":4,"6":4,"7":4,"8":4,"9":4,"10":4,"11":4,"12":4,"13":4,"14":4,"15":4,"16":4,"17":4,"18":4,"19":4,"20":0,"21":4,"22":0,"23":4,"24":4,"25":4,"26":0,"27":0,"28":4,"29":4,"30":4,"31":4,"32":4,"33":4,"34":0,"35":4,"36":0,"37":0,"38":4},"f":{"0":0,"1":0,"2":0,"3":0,"4":0},"b":{"0":[0,0],"1":[0,0]}}
,"/home/kevin/projects/vehicle-tracker/backend/src/config.ts": {"path":"/home/kevin/projects/vehicle-tracker/backend/src/config.ts","statementMap":{"0":{"start":{"line":1,"column":0},"end":{"line":1,"column":28}},"1":{"start":{"line":3,"column":0},"end":{"line":3,"column":16}},"2":{"start":{"line":5,"column":24},"end":{"line":9,"column":2}},"3":{"start":{"line":11,"column":0},"end":{"line":15,"column":1}},"4":{"start":{"line":12,"column":2},"end":{"line":14,"column":3}},"5":{"start":{"line":13,"column":4},"end":{"line":13,"column":72}},"6":{"start":{"line":17,"column":13},"end":{"line":27,"column":2}}},"fnMap":{},"branchMap":{"0":{"loc":{"start":{"line":12,"column":2},"end":{"line":14,"column":3}},"type":"if","locations":[{"start":{"line":12,"column":2},"end":{"line":14,"column":3}},{"start":{},"end":{}}]},"1":{"loc":{"start":{"line":18,"column":8},"end":{"line":18,"column":32}},"type":"binary-expr","locations":[{"start":{"line":18,"column":8},"end":{"line":18,"column":24}},{"start":{"line":18,"column":28},"end":{"line":18,"column":32}}]},"2":{"loc":{"start":{"line":19,"column":11},"end":{"line":19,"column":48}},"type":"binary-expr","locations":[{"start":{"line":19,"column":11},"end":{"line":19,"column":31}},{"start":{"line":19,"column":35},"end":{"line":19,"column":48}}]},"3":{"loc":{"start":{"line":23,"column":16},"end":{"line":23,"column":51}},"type":"binary-expr","locations":[{"start":{"line":23,"column":16},"end":{"line":23,"column":42}},{"start":{"line":23,"column":46},"end":{"line":23,"column":51}}]},"4":{"loc":{"start":{"line":24,"column":23},"end":{"line":24,"column":65}},"type":"binary-expr","locations":[{"start":{"line":24,"column":23},"end":{"line":24,"column":57}},{"start":{"line":24,"column":61},"end":{"line":24,"column":65}}]},"5":{"loc":{"start":{"line":25,"column":12},"end":{"line":25,"column":61}},"type":"binary-expr","locations":[{"start":{"line":25,"column":12},"end":{"line":25,"column":33}},{"start":{"line":25,"column":37},"end":{"line":25,"column":61}}]},"6":{"loc":{"start":{"line":26,"column":15},"end":{"line":26,"column":66}},"type":"binary-expr","locations":[{"start":{"line":26,"column":15},"end":{"line":26,"column":39}},{"start":{"line":26,"column":43},"end":{"line":26,"column":66}}]}},"s":{"0":5,"1":5,"2":5,"3":5,"4":15,"5":0,"6":5},"f":{},"b":{"0":[0,15],"1":[5,0],"2":[5,0],"3":[5,5],"4":[5,5],"5":[5,0],"6":[5,0]}}
,"/home/kevin/projects/vehicle-tracker/backend/src/server.ts": {"path":"/home/kevin/projects/vehicle-tracker/backend/src/server.ts","statementMap":{"0":{"start":{"line":1,"column":0},"end":{"line":1,"column":24}},"1":{"start":{"line":2,"column":0},"end":{"line":2,"column":34}},"2":{"start":{"line":4,"column":13},"end":{"line":4,"column":24}},"3":{"start":{"line":6,"column":20},"end":{"line":18,"column":1}},"4":{"start":{"line":7,"column":2},"end":{"line":17,"column":3}},"5":{"start":{"line":8,"column":4},"end":{"line":13,"column":7}},"6":{"start":{"line":9,"column":6},"end":{"line":9,"column":55}},"7":{"start":{"line":10,"column":6},"end":{"line":10,"column":55}},"8":{"start":{"line":11,"column":6},"end":{"line":11,"column":70}},"9":{"start":{"line":12,"column":6},"end":{"line":12,"column":56}},"10":{"start":{"line":15,"column":4},"end":{"line":15,"column":52}},"11":{"start":{"line":16,"column":4},"end":{"line":16,"column":20}},"12":{"start":{"line":20,"column":0},"end":{"line":20,"column":14}}},"fnMap":{"0":{"name":"(anonymous_1)","decl":{"start":{"line":6,"column":20},"end":{"line":6,"column":25}},"loc":{"start":{"line":6,"column":31},"end":{"line":18,"column":1}}},"1":{"name":"(anonymous_2)","decl":{"start":{"line":8,"column":21},"end":{"line":8,"column":24}},"loc":{"start":{"line":8,"column":26},"end":{"line":13,"column":5}}}},"branchMap":{},"s":{"0":0,"1":0,"2":0,"3":0,"4":0,"5":0,"6":0,"7":0,"8":0,"9":0,"10":0,"11":0,"12":0},"f":{"0":0,"1":0},"b":{}}
,"/home/kevin/projects/vehicle-tracker/backend/src/controllers/auth.controller.ts": {"path":"/home/kevin/projects/vehicle-tracker/backend/src/controllers/auth.controller.ts","statementMap":{"0":{"start":{"line":3,"column":0},"end":{"line":3,"column":55}},"1":{"start":{"line":4,"column":0},"end":{"line":4,"column":null}},"2":{"start":{"line":15,"column":4},"end":{"line":44,"column":5}},"3":{"start":{"line":16,"column":28},"end":{"line":16,"column":58}},"4":{"start":{"line":18,"column":27},"end":{"line":23,"column":8}},"5":{"start":{"line":25,"column":21},"end":{"line":25,"column":61}},"6":{"start":{"line":27,"column":6},"end":{"line":31,"column":9}},"7":{"start":{"line":33,"column":6},"end":{"line":43,"column":7}},"8":{"start":{"line":34,"column":8},"end":{"line":37,"column":11}},"9":{"start":{"line":39,"column":8},"end":{"line":42,"column":11}},"10":{"start":{"line":49,"column":4},"end":{"line":71,"column":5}},"11":{"start":{"line":50,"column":28},"end":{"line":50,"column":55}},"12":{"start":{"line":52,"column":21},"end":{"line":52,"column":59}},"13":{"start":{"line":54,"column":6},"end":{"line":58,"column":9}},"14":{"start":{"line":60,"column":6},"end":{"line":70,"column":7}},"15":{"start":{"line":61,"column":8},"end":{"line":64,"column":11}},"16":{"start":{"line":66,"column":8},"end":{"line":69,"column":11}},"17":{"start":{"line":76,"column":4},"end":{"line":98,"column":5}},"18":{"start":{"line":77,"column":28},"end":{"line":77,"column":62}},"19":{"start":{"line":79,"column":21},"end":{"line":79,"column":80}},"20":{"start":{"line":81,"column":6},"end":{"line":85,"column":9}},"21":{"start":{"line":87,"column":6},"end":{"line":97,"column":7}},"22":{"start":{"line":88,"column":8},"end":{"line":91,"column":11}},"23":{"start":{"line":93,"column":8},"end":{"line":96,"column":11}},"24":{"start":{"line":103,"column":4},"end":{"line":106,"column":7}},"25":{"start":{"line":116,"column":4},"end":{"line":143,"column":5}},"26":{"start":{"line":118,"column":6},"end":{"line":122,"column":7}},"27":{"start":{"line":119,"column":8},"end":{"line":121,"column":69}},"28":{"start":{"line":125,"column":19},"end":{"line":125,"column":68}},"29":{"start":{"line":127,"column":6},"end":{"line":130,"column":9}},"30":{"start":{"line":132,"column":6},"end":{"line":142,"column":7}},"31":{"start":{"line":133,"column":8},"end":{"line":136,"column":11}},"32":{"start":{"line":138,"column":8},"end":{"line":141,"column":11}},"33":{"start":{"line":151,"column":4},"end":{"line":184,"column":5}},"34":{"start":{"line":152,"column":6},"end":{"line":156,"column":7}},"35":{"start":{"line":153,"column":8},"end":{"line":155,"column":69}},"36":{"start":{"line":159,"column":28},"end":{"line":159,"column":63}},"37":{"start":{"line":162,"column":26},"end":{"line":164,"column":null}},"38":{"start":{"line":167,"column":6},"end":{"line":171,"column":9}},"39":{"start":{"line":173,"column":6},"end":{"line":183,"column":7}},"40":{"start":{"line":174,"column":8},"end":{"line":177,"column":11}},"41":{"start":{"line":179,"column":8},"end":{"line":182,"column":11}},"42":{"start":{"line":12,"column":0},"end":{"line":12,"column":13}}},"fnMap":{"0":{"name":"(anonymous_0)","decl":{"start":{"line":14,"column":2},"end":{"line":14,"column":8}},"loc":{"start":{"line":14,"column":51},"end":{"line":45,"column":3}}},"1":{"name":"(anonymous_1)","decl":{"start":{"line":48,"column":2},"end":{"line":48,"column":8}},"loc":{"start":{"line":48,"column":48},"end":{"line":72,"column":3}}},"2":{"name":"(anonymous_2)","decl":{"start":{"line":75,"column":2},"end":{"line":75,"column":8}},"loc":{"start":{"line":75,"column":56},"end":{"line":99,"column":3}}},"3":{"name":"(anonymous_3)","decl":{"start":{"line":102,"column":2},"end":{"line":102,"column":8}},"loc":{"start":{"line":102,"column":49},"end":{"line":107,"column":3}}},"4":{"name":"(anonymous_4)","decl":{"start":{"line":115,"column":2},"end":{"line":115,"column":8}},"loc":{"start":{"line":115,"column":53},"end":{"line":144,"column":3}}},"5":{"name":"(anonymous_5)","decl":{"start":{"line":150,"column":2},"end":{"line":150,"column":8}},"loc":{"start":{"line":150,"column":56},"end":{"line":185,"column":3}}}},"branchMap":{"0":{"loc":{"start":{"line":33,"column":6},"end":{"line":43,"column":7}},"type":"if","locations":[{"start":{"line":33,"column":6},"end":{"line":43,"column":7}},{"start":{"line":38,"column":13},"end":{"line":43,"column":7}}]},"1":{"loc":{"start":{"line":60,"column":6},"end":{"line":70,"column":7}},"type":"if","locations":[{"start":{"line":60,"column":6},"end":{"line":70,"column":7}},{"start":{"line":65,"column":13},"end":{"line":70,"column":7}}]},"2":{"loc":{"start":{"line":87,"column":6},"end":{"line":97,"column":7}},"type":"if","locations":[{"start":{"line":87,"column":6},"end":{"line":97,"column":7}},{"start":{"line":92,"column":13},"end":{"line":97,"column":7}}]},"3":{"loc":{"start":{"line":118,"column":6},"end":{"line":122,"column":7}},"type":"if","locations":[{"start":{"line":118,"column":6},"end":{"line":122,"column":7}},{"start":{},"end":{}}]},"4":{"loc":{"start":{"line":132,"column":6},"end":{"line":142,"column":7}},"type":"if","locations":[{"start":{"line":132,"column":6},"end":{"line":142,"column":7}},{"start":{"line":137,"column":13},"end":{"line":142,"column":7}}]},"5":{"loc":{"start":{"line":152,"column":6},"end":{"line":156,"column":7}},"type":"if","locations":[{"start":{"line":152,"column":6},"end":{"line":156,"column":7}},{"start":{},"end":{}}]},"6":{"loc":{"start":{"line":173,"column":6},"end":{"line":183,"column":7}},"type":"if","locations":[{"start":{"line":173,"column":6},"end":{"line":183,"column":7}},{"start":{"line":178,"column":13},"end":{"line":183,"column":7}}]}},"s":{"0":4,"1":4,"2":5,"3":5,"4":5,"5":5,"6":5,"7":0,"8":0,"9":0,"10":0,"11":0,"12":0,"13":0,"14":0,"15":0,"16":0,"17":0,"18":0,"19":0,"20":0,"21":0,"22":0,"23":0,"24":0,"25":0,"26":0,"27":0,"28":0,"29":0,"30":0,"31":0,"32":0,"33":0,"34":0,"35":0,"36":0,"37":0,"38":0,"39":0,"40":0,"41":0,"42":4},"f":{"0":5,"1":0,"2":0,"3":0,"4":0,"5":0},"b":{"0":[0,0],"1":[0,0],"2":[0,0],"3":[0,0],"4":[0,0],"5":[0,0],"6":[0,0]}}
,"/home/kevin/projects/vehicle-tracker/backend/src/controllers/maintenance.controller.ts": {"path":"/home/kevin/projects/vehicle-tracker/backend/src/controllers/maintenance.controller.ts","statementMap":{"0":{"start":{"line":3,"column":0},"end":{"line":3,"column":69}},"1":{"start":{"line":4,"column":0},"end":{"line":4,"column":68}},"2":{"start":{"line":9,"column":4},"end":{"line":38,"column":5}},"3":{"start":{"line":16,"column":10},"end":{"line":16,"column":19}},"4":{"start":{"line":18,"column":22},"end":{"line":24,"column":8}},"5":{"start":{"line":26,"column":21},"end":{"line":26,"column":69}},"6":{"start":{"line":28,"column":6},"end":{"line":31,"column":9}},"7":{"start":{"line":33,"column":6},"end":{"line":33,"column":53}},"8":{"start":{"line":34,"column":6},"end":{"line":37,"column":9}},"9":{"start":{"line":43,"column":4},"end":{"line":91,"column":5}},"10":{"start":{"line":44,"column":59},"end":{"line":44,"column":67}},"11":{"start":{"line":46,"column":6},"end":{"line":46,"column":59}},"12":{"start":{"line":49,"column":6},"end":{"line":54,"column":7}},"13":{"start":{"line":50,"column":8},"end":{"line":53,"column":11}},"14":{"start":{"line":57,"column":25},"end":{"line":57,"column":55}},"15":{"start":{"line":58,"column":6},"end":{"line":63,"column":7}},"16":{"start":{"line":59,"column":8},"end":{"line":62,"column":11}},"17":{"start":{"line":65,"column":26},"end":{"line":71,"column":8}},"18":{"start":{"line":73,"column":6},"end":{"line":77,"column":9}},"19":{"start":{"line":79,"column":6},"end":{"line":79,"column":56}},"20":{"start":{"line":80,"column":6},"end":{"line":90,"column":7}},"21":{"start":{"line":81,"column":8},"end":{"line":84,"column":11}},"22":{"start":{"line":86,"column":8},"end":{"line":89,"column":11}},"23":{"start":{"line":96,"column":4},"end":{"line":126,"column":5}},"24":{"start":{"line":97,"column":21},"end":{"line":97,"column":31}},"25":{"start":{"line":99,"column":6},"end":{"line":104,"column":7}},"26":{"start":{"line":100,"column":8},"end":{"line":103,"column":11}},"27":{"start":{"line":106,"column":26},"end":{"line":106,"column":74}},"28":{"start":{"line":108,"column":6},"end":{"line":112,"column":9}},"29":{"start":{"line":114,"column":6},"end":{"line":114,"column":58}},"30":{"start":{"line":115,"column":6},"end":{"line":125,"column":7}},"31":{"start":{"line":116,"column":8},"end":{"line":119,"column":11}},"32":{"start":{"line":121,"column":8},"end":{"line":124,"column":11}},"33":{"start":{"line":131,"column":4},"end":{"line":161,"column":5}},"34":{"start":{"line":132,"column":21},"end":{"line":132,"column":31}},"35":{"start":{"line":134,"column":6},"end":{"line":139,"column":7}},"36":{"start":{"line":135,"column":8},"end":{"line":138,"column":11}},"37":{"start":{"line":141,"column":26},"end":{"line":141,"column":71}},"38":{"start":{"line":143,"column":6},"end":{"line":147,"column":9}},"39":{"start":{"line":149,"column":6},"end":{"line":149,"column":55}},"40":{"start":{"line":150,"column":6},"end":{"line":160,"column":7}},"41":{"start":{"line":151,"column":8},"end":{"line":154,"column":11}},"42":{"start":{"line":156,"column":8},"end":{"line":159,"column":11}},"43":{"start":{"line":166,"column":4},"end":{"line":179,"column":5}},"44":{"start":{"line":167,"column":20},"end":{"line":167,"column":66}},"45":{"start":{"line":169,"column":6},"end":{"line":172,"column":9}},"46":{"start":{"line":174,"column":6},"end":{"line":174,"column":59}},"47":{"start":{"line":175,"column":6},"end":{"line":178,"column":9}},"48":{"start":{"line":6,"column":0},"end":{"line":6,"column":13}}},"fnMap":{"0":{"name":"(anonymous_0)","decl":{"start":{"line":8,"column":2},"end":{"line":8,"column":8}},"loc":{"start":{"line":8,"column":57},"end":{"line":39,"column":3}}},"1":{"name":"(anonymous_1)","decl":{"start":{"line":42,"column":2},"end":{"line":42,"column":8}},"loc":{"start":{"line":42,"column":60},"end":{"line":92,"column":3}}},"2":{"name":"(anonymous_2)","decl":{"start":{"line":95,"column":2},"end":{"line":95,"column":8}},"loc":{"start":{"line":95,"column":62},"end":{"line":127,"column":3}}},"3":{"name":"(anonymous_3)","decl":{"start":{"line":130,"column":2},"end":{"line":130,"column":8}},"loc":{"start":{"line":130,"column":59},"end":{"line":162,"column":3}}},"4":{"name":"(anonymous_4)","decl":{"start":{"line":165,"column":2},"end":{"line":165,"column":8}},"loc":{"start":{"line":165,"column":62},"end":{"line":180,"column":3}}}},"branchMap":{"0":{"loc":{"start":{"line":14,"column":8},"end":{"line":14,"column":16}},"type":"default-arg","locations":[{"start":{"line":14,"column":15},"end":{"line":14,"column":16}}]},"1":{"loc":{"start":{"line":15,"column":8},"end":{"line":15,"column":18}},"type":"default-arg","locations":[{"start":{"line":15,"column":16},"end":{"line":15,"column":18}}]},"2":{"loc":{"start":{"line":49,"column":6},"end":{"line":54,"column":7}},"type":"if","locations":[{"start":{"line":49,"column":6},"end":{"line":54,"column":7}},{"start":{},"end":{}}]},"3":{"loc":{"start":{"line":49,"column":10},"end":{"line":49,"column":45}},"type":"binary-expr","locations":[{"start":{"line":49,"column":10},"end":{"line":49,"column":20}},{"start":{"line":49,"column":24},"end":{"line":49,"column":29}},{"start":{"line":49,"column":33},"end":{"line":49,"column":45}}]},"4":{"loc":{"start":{"line":58,"column":6},"end":{"line":63,"column":7}},"type":"if","locations":[{"start":{"line":58,"column":6},"end":{"line":63,"column":7}},{"start":{},"end":{}}]},"5":{"loc":{"start":{"line":69,"column":14},"end":{"line":69,"column":49}},"type":"cond-expr","locations":[{"start":{"line":69,"column":21},"end":{"line":69,"column":37}},{"start":{"line":69,"column":40},"end":{"line":69,"column":49}}]},"6":{"loc":{"start":{"line":70,"column":14},"end":{"line":70,"column":47}},"type":"cond-expr","locations":[{"start":{"line":70,"column":21},"end":{"line":70,"column":35}},{"start":{"line":70,"column":38},"end":{"line":70,"column":47}}]},"7":{"loc":{"start":{"line":80,"column":6},"end":{"line":90,"column":7}},"type":"if","locations":[{"start":{"line":80,"column":6},"end":{"line":90,"column":7}},{"start":{"line":85,"column":13},"end":{"line":90,"column":7}}]},"8":{"loc":{"start":{"line":99,"column":6},"end":{"line":104,"column":7}},"type":"if","locations":[{"start":{"line":99,"column":6},"end":{"line":104,"column":7}},{"start":{},"end":{}}]},"9":{"loc":{"start":{"line":115,"column":6},"end":{"line":125,"column":7}},"type":"if","locations":[{"start":{"line":115,"column":6},"end":{"line":125,"column":7}},{"start":{"line":120,"column":13},"end":{"line":125,"column":7}}]},"10":{"loc":{"start":{"line":134,"column":6},"end":{"line":139,"column":7}},"type":"if","locations":[{"start":{"line":134,"column":6},"end":{"line":139,"column":7}},{"start":{},"end":{}}]},"11":{"loc":{"start":{"line":150,"column":6},"end":{"line":160,"column":7}},"type":"if","locations":[{"start":{"line":150,"column":6},"end":{"line":160,"column":7}},{"start":{"line":155,"column":13},"end":{"line":160,"column":7}}]}},"s":{"0":4,"1":4,"2":0,"3":0,"4":0,"5":0,"6":0,"7":0,"8":0,"9":1,"10":1,"11":1,"12":1,"13":0,"14":1,"15":1,"16":0,"17":1,"18":1,"19":0,"20":0,"21":0,"22":0,"23":1,"24":1,"25":1,"26":0,"27":1,"28":1,"29":0,"30":0,"31":0,"32":0,"33":1,"34":1,"35":1,"36":0,"37":1,"38":1,"39":0,"40":0,"41":0,"42":0,"43":0,"44":0,"45":0,"46":0,"47":0,"48":4},"f":{"0":0,"1":1,"2":1,"3":1,"4":0},"b":{"0":[0],"1":[0],"2":[0,1],"3":[1,1,1],"4":[0,1],"5":[1,0],"6":[0,1],"7":[0,0],"8":[0,1],"9":[0,0],"10":[0,1],"11":[0,0]}}
,"/home/kevin/projects/vehicle-tracker/backend/src/controllers/report.controller.ts": {"path":"/home/kevin/projects/vehicle-tracker/backend/src/controllers/report.controller.ts","statementMap":{"0":{"start":{"line":3,"column":0},"end":{"line":3,"column":59}},"1":{"start":{"line":4,"column":0},"end":{"line":4,"column":20}},"2":{"start":{"line":5,"column":0},"end":{"line":5,"column":24}},"3":{"start":{"line":6,"column":0},"end":{"line":6,"column":42}},"4":{"start":{"line":11,"column":4},"end":{"line":52,"column":5}},"5":{"start":{"line":12,"column":6},"end":{"line":17,"column":7}},"6":{"start":{"line":13,"column":8},"end":{"line":16,"column":11}},"7":{"start":{"line":19,"column":37},"end":{"line":19,"column":45}},"8":{"start":{"line":21,"column":6},"end":{"line":26,"column":7}},"9":{"start":{"line":22,"column":8},"end":{"line":25,"column":11}},"10":{"start":{"line":28,"column":24},"end":{"line":31,"column":8}},"11":{"start":{"line":33,"column":21},"end":{"line":35,"column":null}},"12":{"start":{"line":38,"column":6},"end":{"line":45,"column":9}},"13":{"start":{"line":47,"column":6},"end":{"line":47,"column":55}},"14":{"start":{"line":48,"column":6},"end":{"line":51,"column":9}},"15":{"start":{"line":57,"column":4},"end":{"line":81,"column":5}},"16":{"start":{"line":58,"column":6},"end":{"line":63,"column":7}},"17":{"start":{"line":59,"column":8},"end":{"line":62,"column":11}},"18":{"start":{"line":65,"column":21},"end":{"line":65,"column":83}},"19":{"start":{"line":67,"column":6},"end":{"line":74,"column":9}},"20":{"start":{"line":76,"column":6},"end":{"line":76,"column":55}},"21":{"start":{"line":77,"column":6},"end":{"line":80,"column":9}},"22":{"start":{"line":86,"column":4},"end":{"line":127,"column":5}},"23":{"start":{"line":87,"column":6},"end":{"line":92,"column":7}},"24":{"start":{"line":88,"column":8},"end":{"line":91,"column":11}},"25":{"start":{"line":94,"column":37},"end":{"line":94,"column":45}},"26":{"start":{"line":96,"column":6},"end":{"line":101,"column":7}},"27":{"start":{"line":97,"column":8},"end":{"line":100,"column":11}},"28":{"start":{"line":103,"column":24},"end":{"line":106,"column":8}},"29":{"start":{"line":108,"column":21},"end":{"line":110,"column":null}},"30":{"start":{"line":113,"column":6},"end":{"line":120,"column":9}},"31":{"start":{"line":122,"column":6},"end":{"line":122,"column":55}},"32":{"start":{"line":123,"column":6},"end":{"line":126,"column":9}},"33":{"start":{"line":133,"column":4},"end":{"line":184,"column":5}},"34":{"start":{"line":134,"column":27},"end":{"line":134,"column":37}},"35":{"start":{"line":137,"column":25},"end":{"line":137,"column":53}},"36":{"start":{"line":138,"column":20},"end":{"line":138,"column":58}},"37":{"start":{"line":140,"column":6},"end":{"line":142,"column":7}},"38":{"start":{"line":141,"column":8},"end":{"line":141,"column":72}},"39":{"start":{"line":144,"column":6},"end":{"line":148,"column":7}},"40":{"start":{"line":145,"column":8},"end":{"line":145,"column":37}},"41":{"start":{"line":147,"column":8},"end":{"line":147,"column":75}},"42":{"start":{"line":151,"column":6},"end":{"line":153,"column":7}},"43":{"start":{"line":152,"column":8},"end":{"line":152,"column":67}},"44":{"start":{"line":156,"column":23},"end":{"line":156,"column":68}},"45":{"start":{"line":157,"column":6},"end":{"line":157,"column":52}},"46":{"start":{"line":160,"column":6},"end":{"line":163,"column":7}},"47":{"start":{"line":161,"column":8},"end":{"line":161,"column":52}},"48":{"start":{"line":162,"column":8},"end":{"line":162,"column":72}},"49":{"start":{"line":165,"column":6},"end":{"line":165,"column":53}},"50":{"start":{"line":168,"column":6},"end":{"line":168,"column":105}},"51":{"start":{"line":169,"column":6},"end":{"line":169,"column":81}},"52":{"start":{"line":172,"column":25},"end":{"line":172,"column":54}},"53":{"start":{"line":174,"column":6},"end":{"line":177,"column":9}},"54":{"start":{"line":175,"column":8},"end":{"line":175,"column":51}},"55":{"start":{"line":176,"column":8},"end":{"line":176,"column":65}},"56":{"start":{"line":179,"column":6},"end":{"line":179,"column":27}},"57":{"start":{"line":182,"column":6},"end":{"line":182,"column":46}},"58":{"start":{"line":183,"column":6},"end":{"line":183,"column":67}},"59":{"start":{"line":189,"column":4},"end":{"line":212,"column":5}},"60":{"start":{"line":190,"column":6},"end":{"line":195,"column":7}},"61":{"start":{"line":191,"column":8},"end":{"line":194,"column":11}},"62":{"start":{"line":197,"column":19},"end":{"line":197,"column":58}},"63":{"start":{"line":198,"column":20},"end":{"line":198,"column":61}},"64":{"start":{"line":200,"column":21},"end":{"line":200,"column":90}},"65":{"start":{"line":202,"column":6},"end":{"line":205,"column":9}},"66":{"start":{"line":207,"column":6},"end":{"line":207,"column":49}},"67":{"start":{"line":208,"column":6},"end":{"line":211,"column":9}},"68":{"start":{"line":217,"column":4},"end":{"line":256,"column":5}},"69":{"start":{"line":218,"column":6},"end":{"line":223,"column":7}},"70":{"start":{"line":219,"column":8},"end":{"line":222,"column":11}},"71":{"start":{"line":225,"column":21},"end":{"line":225,"column":31}},"72":{"start":{"line":228,"column":21},"end":{"line":228,"column":85}},"73":{"start":{"line":229,"column":27},"end":{"line":229,"column":64}},"74":{"start":{"line":229,"column":52},"end":{"line":229,"column":63}},"75":{"start":{"line":231,"column":6},"end":{"line":236,"column":7}},"76":{"start":{"line":232,"column":8},"end":{"line":235,"column":11}},"77":{"start":{"line":239,"column":6},"end":{"line":241,"column":7}},"78":{"start":{"line":240,"column":8},"end":{"line":240,"column":45}},"79":{"start":{"line":246,"column":6},"end":{"line":249,"column":9}},"80":{"start":{"line":251,"column":6},"end":{"line":251,"column":51}},"81":{"start":{"line":252,"column":6},"end":{"line":255,"column":9}},"82":{"start":{"line":8,"column":0},"end":{"line":8,"column":13}}},"fnMap":{"0":{"name":"(anonymous_1)","decl":{"start":{"line":10,"column":2},"end":{"line":10,"column":8}},"loc":{"start":{"line":10,"column":75},"end":{"line":53,"column":3}}},"1":{"name":"(anonymous_2)","decl":{"start":{"line":56,"column":2},"end":{"line":56,"column":8}},"loc":{"start":{"line":56,"column":68},"end":{"line":82,"column":3}}},"2":{"name":"(anonymous_3)","decl":{"start":{"line":85,"column":2},"end":{"line":85,"column":8}},"loc":{"start":{"line":85,"column":68},"end":{"line":128,"column":3}}},"3":{"name":"(anonymous_4)","decl":{"start":{"line":132,"column":2},"end":{"line":132,"column":8}},"loc":{"start":{"line":132,"column":57},"end":{"line":185,"column":3}}},"4":{"name":"(anonymous_5)","decl":{"start":{"line":174,"column":29},"end":{"line":174,"column":30}},"loc":{"start":{"line":174,"column":39},"end":{"line":177,"column":7}}},"5":{"name":"(anonymous_6)","decl":{"start":{"line":188,"column":2},"end":{"line":188,"column":8}},"loc":{"start":{"line":188,"column":62},"end":{"line":213,"column":3}}},"6":{"name":"(anonymous_7)","decl":{"start":{"line":216,"column":2},"end":{"line":216,"column":8}},"loc":{"start":{"line":216,"column":55},"end":{"line":257,"column":3}}},"7":{"name":"(anonymous_8)","decl":{"start":{"line":229,"column":47},"end":{"line":229,"column":48}},"loc":{"start":{"line":229,"column":52},"end":{"line":229,"column":63}}}},"branchMap":{"0":{"loc":{"start":{"line":12,"column":6},"end":{"line":17,"column":7}},"type":"if","locations":[{"start":{"line":12,"column":6},"end":{"line":17,"column":7}},{"start":{},"end":{}}]},"1":{"loc":{"start":{"line":21,"column":6},"end":{"line":26,"column":7}},"type":"if","locations":[{"start":{"line":21,"column":6},"end":{"line":26,"column":7}},{"start":{},"end":{}}]},"2":{"loc":{"start":{"line":21,"column":10},"end":{"line":21,"column":32}},"type":"binary-expr","locations":[{"start":{"line":21,"column":10},"end":{"line":21,"column":20}},{"start":{"line":21,"column":24},"end":{"line":21,"column":32}}]},"3":{"loc":{"start":{"line":58,"column":6},"end":{"line":63,"column":7}},"type":"if","locations":[{"start":{"line":58,"column":6},"end":{"line":63,"column":7}},{"start":{},"end":{}}]},"4":{"loc":{"start":{"line":87,"column":6},"end":{"line":92,"column":7}},"type":"if","locations":[{"start":{"line":87,"column":6},"end":{"line":92,"column":7}},{"start":{},"end":{}}]},"5":{"loc":{"start":{"line":96,"column":6},"end":{"line":101,"column":7}},"type":"if","locations":[{"start":{"line":96,"column":6},"end":{"line":101,"column":7}},{"start":{},"end":{}}]},"6":{"loc":{"start":{"line":96,"column":10},"end":{"line":96,"column":32}},"type":"binary-expr","locations":[{"start":{"line":96,"column":10},"end":{"line":96,"column":20}},{"start":{"line":96,"column":24},"end":{"line":96,"column":32}}]},"7":{"loc":{"start":{"line":138,"column":20},"end":{"line":138,"column":58}},"type":"binary-expr","locations":[{"start":{"line":138,"column":20},"end":{"line":138,"column":30}},{"start":{"line":138,"column":34},"end":{"line":138,"column":58}}]},"8":{"loc":{"start":{"line":140,"column":6},"end":{"line":142,"column":7}},"type":"if","locations":[{"start":{"line":140,"column":6},"end":{"line":142,"column":7}},{"start":{},"end":{}}]},"9":{"loc":{"start":{"line":151,"column":6},"end":{"line":153,"column":7}},"type":"if","locations":[{"start":{"line":151,"column":6},"end":{"line":153,"column":7}},{"start":{},"end":{}}]},"10":{"loc":{"start":{"line":151,"column":10},"end":{"line":151,"column":86}},"type":"binary-expr","locations":[{"start":{"line":151,"column":10},"end":{"line":151,"column":33}},{"start":{"line":151,"column":37},"end":{"line":151,"column":59}},{"start":{"line":151,"column":63},"end":{"line":151,"column":86}}]},"11":{"loc":{"start":{"line":160,"column":6},"end":{"line":163,"column":7}},"type":"if","locations":[{"start":{"line":160,"column":6},"end":{"line":163,"column":7}},{"start":{},"end":{}}]},"12":{"loc":{"start":{"line":190,"column":6},"end":{"line":195,"column":7}},"type":"if","locations":[{"start":{"line":190,"column":6},"end":{"line":195,"column":7}},{"start":{},"end":{}}]},"13":{"loc":{"start":{"line":197,"column":19},"end":{"line":197,"column":58}},"type":"binary-expr","locations":[{"start":{"line":197,"column":19},"end":{"line":197,"column":53}},{"start":{"line":197,"column":57},"end":{"line":197,"column":58}}]},"14":{"loc":{"start":{"line":198,"column":20},"end":{"line":198,"column":61}},"type":"binary-expr","locations":[{"start":{"line":198,"column":20},"end":{"line":198,"column":55}},{"start":{"line":198,"column":59},"end":{"line":198,"column":61}}]},"15":{"loc":{"start":{"line":218,"column":6},"end":{"line":223,"column":7}},"type":"if","locations":[{"start":{"line":218,"column":6},"end":{"line":223,"column":7}},{"start":{},"end":{}}]},"16":{"loc":{"start":{"line":231,"column":6},"end":{"line":236,"column":7}},"type":"if","locations":[{"start":{"line":231,"column":6},"end":{"line":236,"column":7}},{"start":{},"end":{}}]},"17":{"loc":{"start":{"line":239,"column":6},"end":{"line":241,"column":7}},"type":"if","locations":[{"start":{"line":239,"column":6},"end":{"line":241,"column":7}},{"start":{},"end":{}}]},"18":{"loc":{"start":{"line":239,"column":10},"end":{"line":239,"column":71}},"type":"binary-expr","locations":[{"start":{"line":239,"column":10},"end":{"line":239,"column":31}},{"start":{"line":239,"column":35},"end":{"line":239,"column":71}}]}},"s":{"0":4,"1":4,"2":4,"3":4,"4":0,"5":0,"6":0,"7":0,"8":0,"9":0,"10":0,"11":0,"12":0,"13":0,"14":0,"15":0,"16":0,"17":0,"18":0,"19":0,"20":0,"21":0,"22":1,"23":1,"24":0,"25":1,"26":1,"27":0,"28":1,"29":1,"30":1,"31":0,"32":0,"33":1,"34":1,"35":1,"36":1,"37":1,"38":0,"39":1,"40":1,"41":0,"42":1,"43":0,"44":1,"45":1,"46":1,"47":0,"48":0,"49":1,"50":1,"51":1,"52":1,"53":1,"54":0,"55":0,"56":1,"57":0,"58":0,"59":1,"60":1,"61":0,"62":1,"63":1,"64":1,"65":1,"66":0,"67":0,"68":1,"69":1,"70":0,"71":1,"72":1,"73":1,"74":1,"75":1,"76":0,"77":1,"78":0,"79":1,"80":0,"81":0,"82":4},"f":{"0":0,"1":0,"2":1,"3":1,"4":0,"5":1,"6":1,"7":1},"b":{"0":[0,0],"1":[0,0],"2":[0,0],"3":[0,0],"4":[0,1],"5":[0,1],"6":[1,1],"7":[1,1],"8":[0,1],"9":[0,1],"10":[1,1,1],"11":[0,1],"12":[0,1],"13":[1,1],"14":[1,1],"15":[0,1],"16":[0,1],"17":[0,1],"18":[1,0]}}
,"/home/kevin/projects/vehicle-tracker/backend/src/controllers/trip.controller.ts": {"path":"/home/kevin/projects/vehicle-tracker/backend/src/controllers/trip.controller.ts","statementMap":{"0":{"start":{"line":3,"column":0},"end":{"line":3,"column":55}},"1":{"start":{"line":8,"column":4},"end":{"line":57,"column":5}},"2":{"start":{"line":10,"column":28},"end":{"line":10,"column":38}},"3":{"start":{"line":11,"column":37},"end":{"line":11,"column":45}},"4":{"start":{"line":13,"column":6},"end":{"line":13,"column":62}},"5":{"start":{"line":14,"column":6},"end":{"line":14,"column":58}},"6":{"start":{"line":17,"column":6},"end":{"line":22,"column":7}},"7":{"start":{"line":18,"column":8},"end":{"line":21,"column":11}},"8":{"start":{"line":25,"column":6},"end":{"line":30,"column":7}},"9":{"start":{"line":26,"column":8},"end":{"line":29,"column":11}},"10":{"start":{"line":32,"column":19},"end":{"line":37,"column":8}},"11":{"start":{"line":39,"column":6},"end":{"line":43,"column":9}},"12":{"start":{"line":45,"column":6},"end":{"line":45,"column":48}},"13":{"start":{"line":46,"column":6},"end":{"line":56,"column":7}},"14":{"start":{"line":47,"column":8},"end":{"line":50,"column":11}},"15":{"start":{"line":52,"column":8},"end":{"line":55,"column":11}},"16":{"start":{"line":62,"column":4},"end":{"line":125,"column":5}},"17":{"start":{"line":64,"column":21},"end":{"line":64,"column":31}},"18":{"start":{"line":65,"column":53},"end":{"line":65,"column":61}},"19":{"start":{"line":67,"column":6},"end":{"line":67,"column":60}},"20":{"start":{"line":68,"column":6},"end":{"line":68,"column":56}},"21":{"start":{"line":71,"column":6},"end":{"line":76,"column":7}},"22":{"start":{"line":72,"column":8},"end":{"line":75,"column":11}},"23":{"start":{"line":79,"column":6},"end":{"line":84,"column":7}},"24":{"start":{"line":80,"column":8},"end":{"line":83,"column":11}},"25":{"start":{"line":86,"column":6},"end":{"line":91,"column":7}},"26":{"start":{"line":87,"column":8},"end":{"line":90,"column":11}},"27":{"start":{"line":93,"column":6},"end":{"line":98,"column":7}},"28":{"start":{"line":94,"column":8},"end":{"line":97,"column":11}},"29":{"start":{"line":100,"column":19},"end":{"line":105,"column":8}},"30":{"start":{"line":107,"column":6},"end":{"line":111,"column":9}},"31":{"start":{"line":113,"column":6},"end":{"line":113,"column":46}},"32":{"start":{"line":114,"column":6},"end":{"line":124,"column":7}},"33":{"start":{"line":115,"column":8},"end":{"line":118,"column":11}},"34":{"start":{"line":120,"column":8},"end":{"line":123,"column":11}},"35":{"start":{"line":130,"column":4},"end":{"line":160,"column":5}},"36":{"start":{"line":138,"column":10},"end":{"line":138,"column":19}},"37":{"start":{"line":140,"column":22},"end":{"line":147,"column":8}},"38":{"start":{"line":149,"column":21},"end":{"line":149,"column":56}},"39":{"start":{"line":151,"column":6},"end":{"line":154,"column":9}},"40":{"start":{"line":156,"column":6},"end":{"line":159,"column":9}},"41":{"start":{"line":165,"column":4},"end":{"line":183,"column":5}},"42":{"start":{"line":166,"column":48},"end":{"line":166,"column":57}},"43":{"start":{"line":168,"column":20},"end":{"line":171,"column":null}},"44":{"start":{"line":174,"column":6},"end":{"line":177,"column":9}},"45":{"start":{"line":179,"column":6},"end":{"line":182,"column":9}},"46":{"start":{"line":5,"column":0},"end":{"line":5,"column":13}}},"fnMap":{"0":{"name":"(anonymous_0)","decl":{"start":{"line":7,"column":2},"end":{"line":7,"column":8}},"loc":{"start":{"line":7,"column":52},"end":{"line":58,"column":3}}},"1":{"name":"(anonymous_1)","decl":{"start":{"line":61,"column":2},"end":{"line":61,"column":8}},"loc":{"start":{"line":61,"column":50},"end":{"line":126,"column":3}}},"2":{"name":"(anonymous_2)","decl":{"start":{"line":129,"column":2},"end":{"line":129,"column":8}},"loc":{"start":{"line":129,"column":51},"end":{"line":161,"column":3}}},"3":{"name":"(anonymous_3)","decl":{"start":{"line":164,"column":2},"end":{"line":164,"column":8}},"loc":{"start":{"line":164,"column":55},"end":{"line":184,"column":3}}}},"branchMap":{"0":{"loc":{"start":{"line":17,"column":6},"end":{"line":22,"column":7}},"type":"if","locations":[{"start":{"line":17,"column":6},"end":{"line":22,"column":7}},{"start":{},"end":{}}]},"1":{"loc":{"start":{"line":25,"column":6},"end":{"line":30,"column":7}},"type":"if","locations":[{"start":{"line":25,"column":6},"end":{"line":30,"column":7}},{"start":{},"end":{}}]},"2":{"loc":{"start":{"line":25,"column":10},"end":{"line":25,"column":70}},"type":"binary-expr","locations":[{"start":{"line":25,"column":10},"end":{"line":25,"column":38}},{"start":{"line":25,"column":42},"end":{"line":25,"column":70}}]},"3":{"loc":{"start":{"line":46,"column":6},"end":{"line":56,"column":7}},"type":"if","locations":[{"start":{"line":46,"column":6},"end":{"line":56,"column":7}},{"start":{"line":51,"column":13},"end":{"line":56,"column":7}}]},"4":{"loc":{"start":{"line":71,"column":6},"end":{"line":76,"column":7}},"type":"if","locations":[{"start":{"line":71,"column":6},"end":{"line":76,"column":7}},{"start":{},"end":{}}]},"5":{"loc":{"start":{"line":79,"column":6},"end":{"line":84,"column":7}},"type":"if","locations":[{"start":{"line":79,"column":6},"end":{"line":84,"column":7}},{"start":{},"end":{}}]},"6":{"loc":{"start":{"line":79,"column":10},"end":{"line":79,"column":66}},"type":"binary-expr","locations":[{"start":{"line":79,"column":10},"end":{"line":79,"column":36}},{"start":{"line":79,"column":40},"end":{"line":79,"column":66}}]},"7":{"loc":{"start":{"line":86,"column":6},"end":{"line":91,"column":7}},"type":"if","locations":[{"start":{"line":86,"column":6},"end":{"line":91,"column":7}},{"start":{},"end":{}}]},"8":{"loc":{"start":{"line":86,"column":10},"end":{"line":86,"column":54}},"type":"binary-expr","locations":[{"start":{"line":86,"column":10},"end":{"line":86,"column":38}},{"start":{"line":86,"column":42},"end":{"line":86,"column":54}}]},"9":{"loc":{"start":{"line":93,"column":6},"end":{"line":98,"column":7}},"type":"if","locations":[{"start":{"line":93,"column":6},"end":{"line":98,"column":7}},{"start":{},"end":{}}]},"10":{"loc":{"start":{"line":93,"column":10},"end":{"line":93,"column":54}},"type":"binary-expr","locations":[{"start":{"line":93,"column":10},"end":{"line":93,"column":38}},{"start":{"line":93,"column":42},"end":{"line":93,"column":54}}]},"11":{"loc":{"start":{"line":114,"column":6},"end":{"line":124,"column":7}},"type":"if","locations":[{"start":{"line":114,"column":6},"end":{"line":124,"column":7}},{"start":{"line":119,"column":13},"end":{"line":124,"column":7}}]},"12":{"loc":{"start":{"line":136,"column":8},"end":{"line":136,"column":16}},"type":"default-arg","locations":[{"start":{"line":136,"column":15},"end":{"line":136,"column":16}}]},"13":{"loc":{"start":{"line":137,"column":8},"end":{"line":137,"column":18}},"type":"default-arg","locations":[{"start":{"line":137,"column":16},"end":{"line":137,"column":18}}]},"14":{"loc":{"start":{"line":142,"column":19},"end":{"line":142,"column":72}},"type":"cond-expr","locations":[{"start":{"line":142,"column":31},"end":{"line":142,"column":60}},{"start":{"line":142,"column":63},"end":{"line":142,"column":72}}]},"15":{"loc":{"start":{"line":143,"column":17},"end":{"line":143,"column":66}},"type":"cond-expr","locations":[{"start":{"line":143,"column":27},"end":{"line":143,"column":54}},{"start":{"line":143,"column":57},"end":{"line":143,"column":66}}]},"16":{"loc":{"start":{"line":170,"column":8},"end":{"line":170,"column":61}},"type":"cond-expr","locations":[{"start":{"line":170,"column":20},"end":{"line":170,"column":49}},{"start":{"line":170,"column":52},"end":{"line":170,"column":61}}]},"17":{"loc":{"start":{"line":171,"column":8},"end":{"line":171,"column":57}},"type":"cond-expr","locations":[{"start":{"line":171,"column":18},"end":{"line":171,"column":45}},{"start":{"line":171,"column":48},"end":{"line":171,"column":57}}]}},"s":{"0":4,"1":1,"2":1,"3":1,"4":1,"5":1,"6":1,"7":0,"8":1,"9":0,"10":1,"11":1,"12":0,"13":0,"14":0,"15":0,"16":1,"17":1,"18":1,"19":1,"20":1,"21":1,"22":0,"23":1,"24":0,"25":1,"26":0,"27":1,"28":0,"29":1,"30":1,"31":0,"32":0,"33":0,"34":0,"35":0,"36":0,"37":0,"38":0,"39":0,"40":0,"41":0,"42":0,"43":0,"44":0,"45":0,"46":4},"f":{"0":1,"1":1,"2":0,"3":0},"b":{"0":[0,1],"1":[0,1],"2":[1,1],"3":[0,0],"4":[0,1],"5":[0,1],"6":[1,1],"7":[0,1],"8":[1,1],"9":[0,1],"10":[1,1],"11":[0,0],"12":[0],"13":[0],"14":[0,0],"15":[0,0],"16":[0,0],"17":[0,0]}}
,"/home/kevin/projects/vehicle-tracker/backend/src/controllers/user.controller.ts": {"path":"/home/kevin/projects/vehicle-tracker/backend/src/controllers/user.controller.ts","statementMap":{"0":{"start":{"line":3,"column":0},"end":{"line":3,"column":55}},"1":{"start":{"line":4,"column":0},"end":{"line":4,"column":42}},"2":{"start":{"line":5,"column":0},"end":{"line":5,"column":null}},"3":{"start":{"line":9,"column":0},"end":{"line":9,"column":55}},"4":{"start":{"line":14,"column":4},"end":{"line":38,"column":5}},"5":{"start":{"line":15,"column":21},"end":{"line":15,"column":31}},"6":{"start":{"line":16,"column":29},"end":{"line":16,"column":37}},"7":{"start":{"line":18,"column":6},"end":{"line":22,"column":7}},"8":{"start":{"line":19,"column":8},"end":{"line":21,"column":59}},"9":{"start":{"line":24,"column":19},"end":{"line":27,"column":8}},"10":{"start":{"line":30,"column":40},"end":{"line":30,"column":44}},"11":{"start":{"line":31,"column":6},"end":{"line":31,"column":60}},"12":{"start":{"line":33,"column":6},"end":{"line":37,"column":9}},"13":{"start":{"line":41,"column":4},"end":{"line":53,"column":5}},"14":{"start":{"line":42,"column":20},"end":{"line":42,"column":51}},"15":{"start":{"line":43,"column":6},"end":{"line":46,"column":9}},"16":{"start":{"line":48,"column":6},"end":{"line":52,"column":9}},"17":{"start":{"line":56,"column":4},"end":{"line":79,"column":5}},"18":{"start":{"line":57,"column":21},"end":{"line":57,"column":31}},"19":{"start":{"line":59,"column":28},"end":{"line":59,"column":64}},"20":{"start":{"line":61,"column":26},"end":{"line":63,"column":8}},"21":{"start":{"line":66,"column":40},"end":{"line":66,"column":51}},"22":{"start":{"line":68,"column":6},"end":{"line":72,"column":9}},"23":{"start":{"line":74,"column":6},"end":{"line":78,"column":9}},"24":{"start":{"line":82,"column":4},"end":{"line":109,"column":5}},"25":{"start":{"line":83,"column":28},"end":{"line":83,"column":58}},"26":{"start":{"line":85,"column":21},"end":{"line":90,"column":8}},"27":{"start":{"line":92,"column":6},"end":{"line":96,"column":9}},"28":{"start":{"line":98,"column":6},"end":{"line":108,"column":7}},"29":{"start":{"line":99,"column":8},"end":{"line":102,"column":11}},"30":{"start":{"line":104,"column":8},"end":{"line":107,"column":11}},"31":{"start":{"line":118,"column":4},"end":{"line":139,"column":5}},"32":{"start":{"line":119,"column":21},"end":{"line":119,"column":31}},"33":{"start":{"line":122,"column":6},"end":{"line":126,"column":7}},"34":{"start":{"line":123,"column":8},"end":{"line":125,"column":69}},"35":{"start":{"line":129,"column":6},"end":{"line":129,"column":39}},"36":{"start":{"line":131,"column":6},"end":{"line":131,"column":72}},"37":{"start":{"line":134,"column":6},"end":{"line":138,"column":9}},"38":{"start":{"line":11,"column":0},"end":{"line":11,"column":13}}},"fnMap":{"0":{"name":"(anonymous_0)","decl":{"start":{"line":13,"column":2},"end":{"line":13,"column":8}},"loc":{"start":{"line":13,"column":53},"end":{"line":39,"column":3}}},"1":{"name":"(anonymous_1)","decl":{"start":{"line":40,"column":2},"end":{"line":40,"column":8}},"loc":{"start":{"line":40,"column":54},"end":{"line":54,"column":3}}},"2":{"name":"(anonymous_2)","decl":{"start":{"line":55,"column":2},"end":{"line":55,"column":8}},"loc":{"start":{"line":55,"column":57},"end":{"line":80,"column":3}}},"3":{"name":"(anonymous_3)","decl":{"start":{"line":81,"column":2},"end":{"line":81,"column":8}},"loc":{"start":{"line":81,"column":53},"end":{"line":110,"column":3}}},"4":{"name":"(anonymous_4)","decl":{"start":{"line":117,"column":2},"end":{"line":117,"column":8}},"loc":{"start":{"line":117,"column":53},"end":{"line":140,"column":3}}}},"branchMap":{"0":{"loc":{"start":{"line":18,"column":6},"end":{"line":22,"column":7}},"type":"if","locations":[{"start":{"line":18,"column":6},"end":{"line":22,"column":7}},{"start":{},"end":{}}]},"1":{"loc":{"start":{"line":18,"column":10},"end":{"line":18,"column":57}},"type":"binary-expr","locations":[{"start":{"line":18,"column":10},"end":{"line":18,"column":14}},{"start":{"line":18,"column":18},"end":{"line":18,"column":57}}]},"2":{"loc":{"start":{"line":25,"column":14},"end":{"line":25,"column":31}},"type":"binary-expr","locations":[{"start":{"line":25,"column":14},"end":{"line":25,"column":18}},{"start":{"line":25,"column":22},"end":{"line":25,"column":31}}]},"3":{"loc":{"start":{"line":26,"column":14},"end":{"line":26,"column":31}},"type":"binary-expr","locations":[{"start":{"line":26,"column":14},"end":{"line":26,"column":18}},{"start":{"line":26,"column":22},"end":{"line":26,"column":31}}]},"4":{"loc":{"start":{"line":36,"column":10},"end":{"line":36,"column":74}},"type":"cond-expr","locations":[{"start":{"line":36,"column":35},"end":{"line":36,"column":48}},{"start":{"line":36,"column":51},"end":{"line":36,"column":74}}]},"5":{"loc":{"start":{"line":51,"column":10},"end":{"line":51,"column":74}},"type":"cond-expr","locations":[{"start":{"line":51,"column":35},"end":{"line":51,"column":48}},{"start":{"line":51,"column":51},"end":{"line":51,"column":74}}]},"6":{"loc":{"start":{"line":77,"column":10},"end":{"line":77,"column":70}},"type":"cond-expr","locations":[{"start":{"line":77,"column":35},"end":{"line":77,"column":48}},{"start":{"line":77,"column":51},"end":{"line":77,"column":70}}]},"7":{"loc":{"start":{"line":98,"column":6},"end":{"line":108,"column":7}},"type":"if","locations":[{"start":{"line":98,"column":6},"end":{"line":108,"column":7}},{"start":{"line":103,"column":13},"end":{"line":108,"column":7}}]},"8":{"loc":{"start":{"line":122,"column":6},"end":{"line":126,"column":7}},"type":"if","locations":[{"start":{"line":122,"column":6},"end":{"line":126,"column":7}},{"start":{},"end":{}}]},"9":{"loc":{"start":{"line":134,"column":17},"end":{"line":134,"column":89}},"type":"cond-expr","locations":[{"start":{"line":134,"column":80},"end":{"line":134,"column":83}},{"start":{"line":134,"column":86},"end":{"line":134,"column":89}}]},"10":{"loc":{"start":{"line":134,"column":17},"end":{"line":134,"column":77}},"type":"binary-expr","locations":[{"start":{"line":134,"column":17},"end":{"line":134,"column":39}},{"start":{"line":134,"column":43},"end":{"line":134,"column":77}}]},"11":{"loc":{"start":{"line":137,"column":10},"end":{"line":137,"column":74}},"type":"cond-expr","locations":[{"start":{"line":137,"column":35},"end":{"line":137,"column":48}},{"start":{"line":137,"column":51},"end":{"line":137,"column":74}}]}},"s":{"0":4,"1":4,"2":4,"3":4,"4":0,"5":0,"6":0,"7":0,"8":0,"9":0,"10":0,"11":0,"12":0,"13":1,"14":1,"15":1,"16":0,"17":1,"18":1,"19":1,"20":1,"21":1,"22":1,"23":0,"24":1,"25":1,"26":1,"27":1,"28":0,"29":0,"30":0,"31":1,"32":1,"33":1,"34":0,"35":1,"36":1,"37":0,"38":4},"f":{"0":0,"1":1,"2":1,"3":1,"4":1},"b":{"0":[0,0],"1":[0,0],"2":[0,0],"3":[0,0],"4":[0,0],"5":[0,0],"6":[0,0],"7":[0,0],"8":[0,1],"9":[0,0],"10":[0,0],"11":[0,0]}}
,"/home/kevin/projects/vehicle-tracker/backend/src/controllers/vehicle.controller.ts": {"path":"/home/kevin/projects/vehicle-tracker/backend/src/controllers/vehicle.controller.ts","statementMap":{"0":{"start":{"line":2,"column":0},"end":{"line":2,"column":61}},"1":{"start":{"line":8,"column":4},"end":{"line":24,"column":5}},"2":{"start":{"line":9,"column":19},"end":{"line":9,"column":58}},"3":{"start":{"line":10,"column":20},"end":{"line":10,"column":61}},"4":{"start":{"line":11,"column":21},"end":{"line":11,"column":47}},"5":{"start":{"line":13,"column":21},"end":{"line":13,"column":77}},"6":{"start":{"line":15,"column":6},"end":{"line":18,"column":9}},"7":{"start":{"line":20,"column":6},"end":{"line":23,"column":9}},"8":{"start":{"line":29,"column":4},"end":{"line":49,"column":5}},"9":{"start":{"line":30,"column":21},"end":{"line":30,"column":31}},"10":{"start":{"line":31,"column":22},"end":{"line":31,"column":61}},"11":{"start":{"line":33,"column":6},"end":{"line":38,"column":7}},"12":{"start":{"line":34,"column":8},"end":{"line":37,"column":11}},"13":{"start":{"line":40,"column":6},"end":{"line":43,"column":9}},"14":{"start":{"line":45,"column":6},"end":{"line":48,"column":9}},"15":{"start":{"line":54,"column":4},"end":{"line":92,"column":5}},"16":{"start":{"line":55,"column":79},"end":{"line":55,"column":87}},"17":{"start":{"line":57,"column":6},"end":{"line":62,"column":7}},"18":{"start":{"line":58,"column":8},"end":{"line":61,"column":11}},"19":{"start":{"line":64,"column":22},"end":{"line":73,"column":8}},"20":{"start":{"line":75,"column":6},"end":{"line":79,"column":9}},"21":{"start":{"line":81,"column":6},"end":{"line":91,"column":7}},"22":{"start":{"line":82,"column":8},"end":{"line":85,"column":11}},"23":{"start":{"line":87,"column":8},"end":{"line":90,"column":11}},"24":{"start":{"line":97,"column":4},"end":{"line":125,"column":5}},"25":{"start":{"line":98,"column":21},"end":{"line":98,"column":31}},"26":{"start":{"line":99,"column":22},"end":{"line":99,"column":30}},"27":{"start":{"line":102,"column":6},"end":{"line":102,"column":62}},"28":{"start":{"line":102,"column":24},"end":{"line":102,"column":62}},"29":{"start":{"line":103,"column":6},"end":{"line":103,"column":77}},"30":{"start":{"line":103,"column":29},"end":{"line":103,"column":77}},"31":{"start":{"line":104,"column":6},"end":{"line":104,"column":74}},"32":{"start":{"line":104,"column":28},"end":{"line":104,"column":74}},"33":{"start":{"line":106,"column":22},"end":{"line":106,"column":69}},"34":{"start":{"line":108,"column":6},"end":{"line":112,"column":9}},"35":{"start":{"line":114,"column":6},"end":{"line":124,"column":7}},"36":{"start":{"line":115,"column":8},"end":{"line":118,"column":11}},"37":{"start":{"line":120,"column":8},"end":{"line":123,"column":11}},"38":{"start":{"line":130,"column":4},"end":{"line":152,"column":5}},"39":{"start":{"line":131,"column":21},"end":{"line":131,"column":31}},"40":{"start":{"line":133,"column":22},"end":{"line":133,"column":60}},"41":{"start":{"line":135,"column":6},"end":{"line":139,"column":9}},"42":{"start":{"line":141,"column":6},"end":{"line":151,"column":7}},"43":{"start":{"line":142,"column":8},"end":{"line":145,"column":11}},"44":{"start":{"line":147,"column":8},"end":{"line":150,"column":11}},"45":{"start":{"line":157,"column":4},"end":{"line":169,"column":5}},"46":{"start":{"line":158,"column":20},"end":{"line":158,"column":58}},"47":{"start":{"line":160,"column":6},"end":{"line":163,"column":9}},"48":{"start":{"line":165,"column":6},"end":{"line":168,"column":9}},"49":{"start":{"line":174,"column":4},"end":{"line":197,"column":5}},"50":{"start":{"line":175,"column":21},"end":{"line":175,"column":31}},"51":{"start":{"line":176,"column":38},"end":{"line":176,"column":46}},"52":{"start":{"line":178,"column":6},"end":{"line":183,"column":7}},"53":{"start":{"line":179,"column":8},"end":{"line":182,"column":11}},"54":{"start":{"line":185,"column":22},"end":{"line":185,"column":89}},"55":{"start":{"line":187,"column":6},"end":{"line":191,"column":9}},"56":{"start":{"line":193,"column":6},"end":{"line":196,"column":9}},"57":{"start":{"line":202,"column":4},"end":{"line":230,"column":5}},"58":{"start":{"line":210,"column":10},"end":{"line":210,"column":19}},"59":{"start":{"line":212,"column":21},"end":{"line":219,"column":8}},"60":{"start":{"line":221,"column":6},"end":{"line":224,"column":9}},"61":{"start":{"line":226,"column":6},"end":{"line":229,"column":9}},"62":{"start":{"line":233,"column":4},"end":{"line":256,"column":5}},"63":{"start":{"line":235,"column":23},"end":{"line":235,"column":66}},"64":{"start":{"line":237,"column":6},"end":{"line":241,"column":9}},"65":{"start":{"line":244,"column":6},"end":{"line":244,"column":60}},"66":{"start":{"line":245,"column":6},"end":{"line":255,"column":7}},"67":{"start":{"line":246,"column":8},"end":{"line":249,"column":11}},"68":{"start":{"line":251,"column":8},"end":{"line":254,"column":11}},"69":{"start":{"line":5,"column":0},"end":{"line":5,"column":13}}},"fnMap":{"0":{"name":"(anonymous_0)","decl":{"start":{"line":7,"column":2},"end":{"line":7,"column":8}},"loc":{"start":{"line":7,"column":54},"end":{"line":25,"column":3}}},"1":{"name":"(anonymous_1)","decl":{"start":{"line":28,"column":2},"end":{"line":28,"column":8}},"loc":{"start":{"line":28,"column":53},"end":{"line":50,"column":3}}},"2":{"name":"(anonymous_2)","decl":{"start":{"line":53,"column":2},"end":{"line":53,"column":8}},"loc":{"start":{"line":53,"column":56},"end":{"line":93,"column":3}}},"3":{"name":"(anonymous_3)","decl":{"start":{"line":96,"column":2},"end":{"line":96,"column":8}},"loc":{"start":{"line":96,"column":56},"end":{"line":126,"column":3}}},"4":{"name":"(anonymous_4)","decl":{"start":{"line":129,"column":2},"end":{"line":129,"column":8}},"loc":{"start":{"line":129,"column":56},"end":{"line":153,"column":3}}},"5":{"name":"(anonymous_5)","decl":{"start":{"line":156,"column":2},"end":{"line":156,"column":8}},"loc":{"start":{"line":156,"column":58},"end":{"line":170,"column":3}}},"6":{"name":"(anonymous_6)","decl":{"start":{"line":173,"column":2},"end":{"line":173,"column":8}},"loc":{"start":{"line":173,"column":64},"end":{"line":198,"column":3}}},"7":{"name":"(anonymous_7)","decl":{"start":{"line":201,"column":2},"end":{"line":201,"column":8}},"loc":{"start":{"line":201,"column":57},"end":{"line":231,"column":3}}},"8":{"name":"(anonymous_8)","decl":{"start":{"line":232,"column":2},"end":{"line":232,"column":8}},"loc":{"start":{"line":232,"column":63},"end":{"line":257,"column":3}}}},"branchMap":{"0":{"loc":{"start":{"line":9,"column":19},"end":{"line":9,"column":58}},"type":"binary-expr","locations":[{"start":{"line":9,"column":19},"end":{"line":9,"column":53}},{"start":{"line":9,"column":57},"end":{"line":9,"column":58}}]},"1":{"loc":{"start":{"line":10,"column":20},"end":{"line":10,"column":61}},"type":"binary-expr","locations":[{"start":{"line":10,"column":20},"end":{"line":10,"column":55}},{"start":{"line":10,"column":59},"end":{"line":10,"column":61}}]},"2":{"loc":{"start":{"line":33,"column":6},"end":{"line":38,"column":7}},"type":"if","locations":[{"start":{"line":33,"column":6},"end":{"line":38,"column":7}},{"start":{},"end":{}}]},"3":{"loc":{"start":{"line":57,"column":6},"end":{"line":62,"column":7}},"type":"if","locations":[{"start":{"line":57,"column":6},"end":{"line":62,"column":7}},{"start":{},"end":{}}]},"4":{"loc":{"start":{"line":71,"column":19},"end":{"line":71,"column":62}},"type":"cond-expr","locations":[{"start":{"line":71,"column":31},"end":{"line":71,"column":50}},{"start":{"line":71,"column":53},"end":{"line":71,"column":62}}]},"5":{"loc":{"start":{"line":72,"column":18},"end":{"line":72,"column":59}},"type":"cond-expr","locations":[{"start":{"line":72,"column":29},"end":{"line":72,"column":47}},{"start":{"line":72,"column":50},"end":{"line":72,"column":59}}]},"6":{"loc":{"start":{"line":81,"column":6},"end":{"line":91,"column":7}},"type":"if","locations":[{"start":{"line":81,"column":6},"end":{"line":91,"column":7}},{"start":{"line":86,"column":13},"end":{"line":91,"column":7}}]},"7":{"loc":{"start":{"line":102,"column":6},"end":{"line":102,"column":62}},"type":"if","locations":[{"start":{"line":102,"column":6},"end":{"line":102,"column":62}},{"start":{},"end":{}}]},"8":{"loc":{"start":{"line":103,"column":6},"end":{"line":103,"column":77}},"type":"if","locations":[{"start":{"line":103,"column":6},"end":{"line":103,"column":77}},{"start":{},"end":{}}]},"9":{"loc":{"start":{"line":104,"column":6},"end":{"line":104,"column":74}},"type":"if","locations":[{"start":{"line":104,"column":6},"end":{"line":104,"column":74}},{"start":{},"end":{}}]},"10":{"loc":{"start":{"line":114,"column":6},"end":{"line":124,"column":7}},"type":"if","locations":[{"start":{"line":114,"column":6},"end":{"line":124,"column":7}},{"start":{"line":119,"column":13},"end":{"line":124,"column":7}}]},"11":{"loc":{"start":{"line":141,"column":6},"end":{"line":151,"column":7}},"type":"if","locations":[{"start":{"line":141,"column":6},"end":{"line":151,"column":7}},{"start":{"line":146,"column":13},"end":{"line":151,"column":7}}]},"12":{"loc":{"start":{"line":178,"column":6},"end":{"line":183,"column":7}},"type":"if","locations":[{"start":{"line":178,"column":6},"end":{"line":183,"column":7}},{"start":{},"end":{}}]},"13":{"loc":{"start":{"line":178,"column":10},"end":{"line":178,"column":71}},"type":"binary-expr","locations":[{"start":{"line":178,"column":10},"end":{"line":178,"column":38}},{"start":{"line":178,"column":42},"end":{"line":178,"column":71}}]},"14":{"loc":{"start":{"line":208,"column":8},"end":{"line":208,"column":16}},"type":"default-arg","locations":[{"start":{"line":208,"column":15},"end":{"line":208,"column":16}}]},"15":{"loc":{"start":{"line":209,"column":8},"end":{"line":209,"column":18}},"type":"default-arg","locations":[{"start":{"line":209,"column":16},"end":{"line":209,"column":18}}]},"16":{"loc":{"start":{"line":216,"column":14},"end":{"line":216,"column":57}},"type":"cond-expr","locations":[{"start":{"line":216,"column":21},"end":{"line":216,"column":45}},{"start":{"line":216,"column":48},"end":{"line":216,"column":57}}]},"17":{"loc":{"start":{"line":245,"column":6},"end":{"line":255,"column":7}},"type":"if","locations":[{"start":{"line":245,"column":6},"end":{"line":255,"column":7}},{"start":{"line":250,"column":13},"end":{"line":255,"column":7}}]}},"s":{"0":4,"1":1,"2":1,"3":1,"4":1,"5":1,"6":1,"7":0,"8":1,"9":1,"10":1,"11":1,"12":0,"13":1,"14":0,"15":1,"16":1,"17":1,"18":0,"19":1,"20":1,"21":0,"22":0,"23":0,"24":0,"25":0,"26":0,"27":0,"28":0,"29":0,"30":0,"31":0,"32":0,"33":0,"34":0,"35":0,"36":0,"37":0,"38":1,"39":1,"40":1,"41":1,"42":0,"43":0,"44":0,"45":0,"46":0,"47":0,"48":0,"49":0,"50":0,"51":0,"52":0,"53":0,"54":0,"55":0,"56":0,"57":0,"58":0,"59":0,"60":0,"61":0,"62":0,"63":0,"64":0,"65":0,"66":0,"67":0,"68":0,"69":4},"f":{"0":1,"1":1,"2":1,"3":0,"4":1,"5":0,"6":0,"7":0,"8":0},"b":{"0":[1,1],"1":[1,1],"2":[0,1],"3":[0,1],"4":[0,1],"5":[0,1],"6":[0,0],"7":[0,0],"8":[0,0],"9":[0,0],"10":[0,0],"11":[0,0],"12":[0,0],"13":[0,0],"14":[0],"15":[0],"16":[0,0],"17":[0,0]}}
,"/home/kevin/projects/vehicle-tracker/backend/src/docs/swagger.ts": {"path":"/home/kevin/projects/vehicle-tracker/backend/src/docs/swagger.ts","statementMap":{"0":{"start":{"line":1,"column":0},"end":{"line":1,"column":41}},"1":{"start":{"line":2,"column":0},"end":{"line":2,"column":7}},"2":{"start":{"line":326,"column":9},"end":{"line":2,"column":43}},"3":{"start":{"line":3,"column":0},"end":{"line":3,"column":35}},"4":{"start":{"line":5,"column":26},"end":{"line":314,"column":2}},"5":{"start":{"line":316,"column":38},"end":{"line":323,"column":2}},"6":{"start":{"line":325,"column":13},"end":{"line":325,"column":49}}},"fnMap":{},"branchMap":{},"s":{"0":4,"1":4,"2":4,"3":4,"4":4,"5":4,"6":4},"f":{},"b":{}}
,"/home/kevin/projects/vehicle-tracker/backend/src/middlewares/auth.middleware.ts": {"path":"/home/kevin/projects/vehicle-tracker/backend/src/middlewares/auth.middleware.ts","statementMap":{"0":{"start":{"line":3,"column":0},"end":{"line":3,"column":42}},"1":{"start":{"line":4,"column":0},"end":{"line":4,"column":42}},"2":{"start":{"line":6,"column":33},"end":{"line":21,"column":1}},"3":{"start":{"line":7,"column":21},"end":{"line":7,"column":49}},"4":{"start":{"line":8,"column":16},"end":{"line":8,"column":54}},"5":{"start":{"line":10,"column":2},"end":{"line":12,"column":3}},"6":{"start":{"line":11,"column":4},"end":{"line":11,"column":68}},"7":{"start":{"line":14,"column":2},"end":{"line":20,"column":3}},"8":{"start":{"line":15,"column":20},"end":{"line":15,"column":101}},"9":{"start":{"line":16,"column":4},"end":{"line":16,"column":23}},"10":{"start":{"line":17,"column":4},"end":{"line":17,"column":11}},"11":{"start":{"line":19,"column":4},"end":{"line":19,"column":71}},"12":{"start":{"line":6,"column":13},"end":{"line":6,"column":33}},"13":{"start":{"line":23,"column":27},"end":{"line":41,"column":1}},"14":{"start":{"line":24,"column":2},"end":{"line":40,"column":4}},"15":{"start":{"line":25,"column":4},"end":{"line":30,"column":5}},"16":{"start":{"line":26,"column":6},"end":{"line":29,"column":9}},"17":{"start":{"line":32,"column":4},"end":{"line":37,"column":5}},"18":{"start":{"line":33,"column":6},"end":{"line":36,"column":9}},"19":{"start":{"line":39,"column":4},"end":{"line":39,"column":11}},"20":{"start":{"line":23,"column":13},"end":{"line":23,"column":27}},"21":{"start":{"line":44,"column":13},"end":{"line":44,"column":58}},"22":{"start":{"line":45,"column":13},"end":{"line":45,"column":78}},"23":{"start":{"line":46,"column":13},"end":{"line":46,"column":85}}},"fnMap":{"0":{"name":"(anonymous_0)","decl":{"start":{"line":6,"column":33},"end":{"line":6,"column":34}},"loc":{"start":{"line":6,"column":85},"end":{"line":21,"column":1}}},"1":{"name":"(anonymous_1)","decl":{"start":{"line":23,"column":27},"end":{"line":23,"column":28}},"loc":{"start":{"line":23,"column":56},"end":{"line":41,"column":1}}},"2":{"name":"(anonymous_2)","decl":{"start":{"line":24,"column":9},"end":{"line":24,"column":10}},"loc":{"start":{"line":24,"column":61},"end":{"line":40,"column":3}}}},"branchMap":{"0":{"loc":{"start":{"line":8,"column":16},"end":{"line":8,"column":54}},"type":"binary-expr","locations":[{"start":{"line":8,"column":16},"end":{"line":8,"column":26}},{"start":{"line":8,"column":30},"end":{"line":8,"column":54}}]},"1":{"loc":{"start":{"line":10,"column":2},"end":{"line":12,"column":3}},"type":"if","locations":[{"start":{"line":10,"column":2},"end":{"line":12,"column":3}},{"start":{},"end":{}}]},"2":{"loc":{"start":{"line":25,"column":4},"end":{"line":30,"column":5}},"type":"if","locations":[{"start":{"line":25,"column":4},"end":{"line":30,"column":5}},{"start":{},"end":{}}]},"3":{"loc":{"start":{"line":32,"column":4},"end":{"line":37,"column":5}},"type":"if","locations":[{"start":{"line":32,"column":4},"end":{"line":37,"column":5}},{"start":{},"end":{}}]}},"s":{"0":4,"1":4,"2":4,"3":21,"4":21,"5":21,"6":0,"7":21,"8":21,"9":21,"10":21,"11":0,"12":4,"13":4,"14":12,"15":16,"16":0,"17":16,"18":4,"19":12,"20":4,"21":4,"22":4,"23":4},"f":{"0":21,"1":12,"2":16},"b":{"0":[21,21],"1":[0,21],"2":[0,16],"3":[4,12]}}
,"/home/kevin/projects/vehicle-tracker/backend/src/routes/auth.routes.ts": {"path":"/home/kevin/projects/vehicle-tracker/backend/src/routes/auth.routes.ts","statementMap":{"0":{"start":{"line":2,"column":0},"end":{"line":2,"column":33}},"1":{"start":{"line":3,"column":0},"end":{"line":3,"column":64}},"2":{"start":{"line":5,"column":0},"end":{"line":5,"column":67}},"3":{"start":{"line":7,"column":15},"end":{"line":7,"column":23}},"4":{"start":{"line":10,"column":0},"end":{"line":10,"column":50}},"5":{"start":{"line":11,"column":0},"end":{"line":11,"column":44}},"6":{"start":{"line":12,"column":0},"end":{"line":12,"column":61}},"7":{"start":{"line":13,"column":0},"end":{"line":13,"column":46}},"8":{"start":{"line":16,"column":0},"end":{"line":16,"column":69}},"9":{"start":{"line":17,"column":0},"end":{"line":17,"column":74}},"10":{"start":{"line":19,"column":0},"end":{"line":19,"column":22}}},"fnMap":{},"branchMap":{},"s":{"0":4,"1":4,"2":4,"3":4,"4":4,"5":4,"6":4,"7":4,"8":4,"9":4,"10":4},"f":{},"b":{}}
,"/home/kevin/projects/vehicle-tracker/backend/src/routes/maintenance.routes.ts": {"path":"/home/kevin/projects/vehicle-tracker/backend/src/routes/maintenance.routes.ts","statementMap":{"0":{"start":{"line":2,"column":0},"end":{"line":2,"column":33}},"1":{"start":{"line":3,"column":0},"end":{"line":3,"column":78}},"2":{"start":{"line":4,"column":0},"end":{"line":4,"column":90}},"3":{"start":{"line":6,"column":15},"end":{"line":6,"column":23}},"4":{"start":{"line":9,"column":0},"end":{"line":9,"column":30}},"5":{"start":{"line":12,"column":0},"end":{"line":12,"column":54}},"6":{"start":{"line":13,"column":0},"end":{"line":13,"column":64}},"7":{"start":{"line":14,"column":0},"end":{"line":14,"column":81}},"8":{"start":{"line":15,"column":0},"end":{"line":15,"column":96}},"9":{"start":{"line":16,"column":0},"end":{"line":16,"column":90}},"10":{"start":{"line":18,"column":0},"end":{"line":18,"column":22}}},"fnMap":{},"branchMap":{},"s":{"0":4,"1":4,"2":4,"3":4,"4":4,"5":4,"6":4,"7":4,"8":4,"9":4,"10":4},"f":{},"b":{}}
,"/home/kevin/projects/vehicle-tracker/backend/src/routes/report.routes.ts": {"path":"/home/kevin/projects/vehicle-tracker/backend/src/routes/report.routes.ts","statementMap":{"0":{"start":{"line":2,"column":0},"end":{"line":2,"column":33}},"1":{"start":{"line":3,"column":0},"end":{"line":3,"column":68}},"2":{"start":{"line":4,"column":0},"end":{"line":4,"column":90}},"3":{"start":{"line":6,"column":15},"end":{"line":6,"column":23}},"4":{"start":{"line":9,"column":0},"end":{"line":9,"column":30}},"5":{"start":{"line":12,"column":0},"end":{"line":12,"column":110}},"6":{"start":{"line":13,"column":0},"end":{"line":13,"column":95}},"7":{"start":{"line":14,"column":0},"end":{"line":14,"column":96}},"8":{"start":{"line":17,"column":0},"end":{"line":17,"column":54}},"9":{"start":{"line":18,"column":0},"end":{"line":18,"column":53}},"10":{"start":{"line":21,"column":0},"end":{"line":21,"column":67}},"11":{"start":{"line":23,"column":0},"end":{"line":23,"column":22}}},"fnMap":{},"branchMap":{},"s":{"0":4,"1":4,"2":4,"3":4,"4":4,"5":4,"6":4,"7":4,"8":4,"9":4,"10":4,"11":4},"f":{},"b":{}}
,"/home/kevin/projects/vehicle-tracker/backend/src/routes/user.routes.ts": {"path":"/home/kevin/projects/vehicle-tracker/backend/src/routes/user.routes.ts","statementMap":{"0":{"start":{"line":2,"column":0},"end":{"line":2,"column":33}},"1":{"start":{"line":3,"column":0},"end":{"line":3,"column":64}},"2":{"start":{"line":4,"column":0},"end":{"line":4,"column":81}},"3":{"start":{"line":6,"column":15},"end":{"line":6,"column":23}},"4":{"start":{"line":9,"column":0},"end":{"line":9,"column":30}},"5":{"start":{"line":10,"column":0},"end":{"line":10,"column":25}},"6":{"start":{"line":13,"column":0},"end":{"line":13,"column":44}},"7":{"start":{"line":14,"column":0},"end":{"line":14,"column":44}},"8":{"start":{"line":15,"column":0},"end":{"line":15,"column":57}},"9":{"start":{"line":16,"column":0},"end":{"line":16,"column":46}},"10":{"start":{"line":19,"column":0},"end":{"line":19,"column":49}},"11":{"start":{"line":22,"column":0},"end":{"line":22,"column":22}}},"fnMap":{},"branchMap":{},"s":{"0":4,"1":4,"2":4,"3":4,"4":4,"5":4,"6":4,"7":4,"8":4,"9":4,"10":4,"11":4},"f":{},"b":{}}
,"/home/kevin/projects/vehicle-tracker/backend/src/routes/vehicle.routes.ts": {"path":"/home/kevin/projects/vehicle-tracker/backend/src/routes/vehicle.routes.ts","statementMap":{"0":{"start":{"line":2,"column":0},"end":{"line":2,"column":33}},"1":{"start":{"line":3,"column":0},"end":{"line":3,"column":70}},"2":{"start":{"line":4,"column":0},"end":{"line":4,"column":64}},"3":{"start":{"line":5,"column":0},"end":{"line":5,"column":120}},"4":{"start":{"line":7,"column":15},"end":{"line":7,"column":23}},"5":{"start":{"line":10,"column":0},"end":{"line":10,"column":30}},"6":{"start":{"line":13,"column":0},"end":{"line":13,"column":47}},"7":{"start":{"line":14,"column":0},"end":{"line":14,"column":56}},"8":{"start":{"line":15,"column":0},"end":{"line":15,"column":56}},"9":{"start":{"line":18,"column":0},"end":{"line":18,"column":65}},"10":{"start":{"line":20,"column":0},"end":{"line":20,"column":49}},"11":{"start":{"line":23,"column":0},"end":{"line":23,"column":73}},"12":{"start":{"line":24,"column":0},"end":{"line":24,"column":75}},"13":{"start":{"line":25,"column":0},"end":{"line":25,"column":69}},"14":{"start":{"line":26,"column":0},"end":{"line":26,"column":94}},"15":{"start":{"line":29,"column":0},"end":{"line":29,"column":88}},"16":{"start":{"line":30,"column":0},"end":{"line":30,"column":78}},"17":{"start":{"line":31,"column":0},"end":{"line":31,"column":57}},"18":{"start":{"line":32,"column":0},"end":{"line":32,"column":67}},"19":{"start":{"line":35,"column":0},"end":{"line":35,"column":50}},"20":{"start":{"line":36,"column":0},"end":{"line":36,"column":56}},"21":{"start":{"line":38,"column":0},"end":{"line":38,"column":22}}},"fnMap":{},"branchMap":{},"s":{"0":4,"1":4,"2":4,"3":4,"4":4,"5":4,"6":4,"7":4,"8":4,"9":4,"10":4,"11":4,"12":4,"13":4,"14":4,"15":4,"16":4,"17":4,"18":4,"19":4,"20":4,"21":4},"f":{},"b":{}}
,"/home/kevin/projects/vehicle-tracker/backend/src/services/auth.service.ts": {"path":"/home/kevin/projects/vehicle-tracker/backend/src/services/auth.service.ts","statementMap":{"0":{"start":{"line":2,"column":0},"end":{"line":2,"column":48}},"1":{"start":{"line":3,"column":0},"end":{"line":3,"column":45}},"2":{"start":{"line":4,"column":0},"end":{"line":4,"column":42}},"3":{"start":{"line":10,"column":60},"end":{"line":10,"column":64}},"4":{"start":{"line":12,"column":25},"end":{"line":12,"column":61}},"5":{"start":{"line":13,"column":4},"end":{"line":15,"column":5}},"6":{"start":{"line":14,"column":6},"end":{"line":14,"column":61}},"7":{"start":{"line":18,"column":25},"end":{"line":18,"column":63}},"8":{"start":{"line":20,"column":17},"end":{"line":20,"column":78}},"9":{"start":{"line":22,"column":19},"end":{"line":32,"column":6}},"10":{"start":{"line":35,"column":52},"end":{"line":35,"column":56}},"11":{"start":{"line":37,"column":4},"end":{"line":40,"column":6}},"12":{"start":{"line":45,"column":32},"end":{"line":45,"column":36}},"13":{"start":{"line":47,"column":17},"end":{"line":47,"column":53}},"14":{"start":{"line":48,"column":4},"end":{"line":50,"column":5}},"15":{"start":{"line":49,"column":6},"end":{"line":49,"column":51}},"16":{"start":{"line":52,"column":28},"end":{"line":54,"column":null}},"17":{"start":{"line":56,"column":4},"end":{"line":58,"column":5}},"18":{"start":{"line":57,"column":6},"end":{"line":57,"column":51}},"19":{"start":{"line":60,"column":19},"end":{"line":70,"column":6}},"20":{"start":{"line":73,"column":52},"end":{"line":73,"column":56}},"21":{"start":{"line":75,"column":4},"end":{"line":78,"column":6}},"22":{"start":{"line":83,"column":4},"end":{"line":115,"column":5}},"23":{"start":{"line":84,"column":22},"end":{"line":84,"column":null}},"24":{"start":{"line":89,"column":19},"end":{"line":89,"column":61}},"25":{"start":{"line":90,"column":6},"end":{"line":92,"column":7}},"26":{"start":{"line":91,"column":8},"end":{"line":91,"column":42}},"27":{"start":{"line":94,"column":21},"end":{"line":104,"column":8}},"28":{"start":{"line":107,"column":54},"end":{"line":107,"column":58}},"29":{"start":{"line":109,"column":6},"end":{"line":112,"column":8}},"30":{"start":{"line":114,"column":6},"end":{"line":114,"column":47}},"31":{"start":{"line":124,"column":17},"end":{"line":124,"column":51}},"32":{"start":{"line":125,"column":4},"end":{"line":127,"column":5}},"33":{"start":{"line":126,"column":6},"end":{"line":126,"column":40}},"34":{"start":{"line":129,"column":38},"end":{"line":129,"column":42}},"35":{"start":{"line":130,"column":4},"end":{"line":130,"column":20}},"36":{"start":{"line":140,"column":61},"end":{"line":140,"column":63}},"37":{"start":{"line":142,"column":4},"end":{"line":144,"column":5}},"38":{"start":{"line":143,"column":6},"end":{"line":143,"column":34}},"39":{"start":{"line":147,"column":4},"end":{"line":149,"column":5}},"40":{"start":{"line":148,"column":6},"end":{"line":148,"column":72}},"41":{"start":{"line":151,"column":4},"end":{"line":153,"column":5}},"42":{"start":{"line":152,"column":6},"end":{"line":152,"column":53}},"43":{"start":{"line":156,"column":24},"end":{"line":156,"column":72}},"44":{"start":{"line":159,"column":52},"end":{"line":159,"column":63}},"45":{"start":{"line":161,"column":4},"end":{"line":161,"column":31}},"46":{"start":{"line":7,"column":0},"end":{"line":7,"column":13}}},"fnMap":{"0":{"name":"(anonymous_0)","decl":{"start":{"line":9,"column":2},"end":{"line":9,"column":8}},"loc":{"start":{"line":9,"column":45},"end":{"line":41,"column":3}}},"1":{"name":"(anonymous_1)","decl":{"start":{"line":44,"column":2},"end":{"line":44,"column":8}},"loc":{"start":{"line":44,"column":39},"end":{"line":79,"column":3}}},"2":{"name":"(anonymous_2)","decl":{"start":{"line":82,"column":2},"end":{"line":82,"column":8}},"loc":{"start":{"line":82,"column":49},"end":{"line":116,"column":3}}},"3":{"name":"(anonymous_3)","decl":{"start":{"line":123,"column":2},"end":{"line":123,"column":8}},"loc":{"start":{"line":123,"column":44},"end":{"line":131,"column":3}}},"4":{"name":"(anonymous_4)","decl":{"start":{"line":136,"column":2},"end":{"line":136,"column":8}},"loc":{"start":{"line":138,"column":46},"end":{"line":162,"column":3}}}},"branchMap":{"0":{"loc":{"start":{"line":10,"column":35},"end":{"line":10,"column":55}},"type":"default-arg","locations":[{"start":{"line":10,"column":42},"end":{"line":10,"column":55}}]},"1":{"loc":{"start":{"line":13,"column":4},"end":{"line":15,"column":5}},"type":"if","locations":[{"start":{"line":13,"column":4},"end":{"line":15,"column":5}},{"start":{},"end":{}}]},"2":{"loc":{"start":{"line":48,"column":4},"end":{"line":50,"column":5}},"type":"if","locations":[{"start":{"line":48,"column":4},"end":{"line":50,"column":5}},{"start":{},"end":{}}]},"3":{"loc":{"start":{"line":56,"column":4},"end":{"line":58,"column":5}},"type":"if","locations":[{"start":{"line":56,"column":4},"end":{"line":58,"column":5}},{"start":{},"end":{}}]},"4":{"loc":{"start":{"line":90,"column":6},"end":{"line":92,"column":7}},"type":"if","locations":[{"start":{"line":90,"column":6},"end":{"line":92,"column":7}},{"start":{},"end":{}}]},"5":{"loc":{"start":{"line":125,"column":4},"end":{"line":127,"column":5}},"type":"if","locations":[{"start":{"line":125,"column":4},"end":{"line":127,"column":5}},{"start":{},"end":{}}]},"6":{"loc":{"start":{"line":142,"column":4},"end":{"line":144,"column":5}},"type":"if","locations":[{"start":{"line":142,"column":4},"end":{"line":144,"column":5}},{"start":{},"end":{}}]},"7":{"loc":{"start":{"line":147,"column":4},"end":{"line":149,"column":5}},"type":"if","locations":[{"start":{"line":147,"column":4},"end":{"line":149,"column":5}},{"start":{},"end":{}}]},"8":{"loc":{"start":{"line":151,"column":4},"end":{"line":153,"column":5}},"type":"if","locations":[{"start":{"line":151,"column":4},"end":{"line":153,"column":5}},{"start":{},"end":{}}]}},"s":{"0":4,"1":4,"2":4,"3":6,"4":6,"5":6,"6":0,"7":6,"8":6,"9":6,"10":6,"11":6,"12":0,"13":0,"14":0,"15":0,"16":0,"17":0,"18":0,"19":0,"20":0,"21":0,"22":0,"23":0,"24":0,"25":0,"26":0,"27":0,"28":0,"29":0,"30":0,"31":0,"32":0,"33":0,"34":0,"35":0,"36":0,"37":0,"38":0,"39":0,"40":0,"41":0,"42":0,"43":0,"44":0,"45":0,"46":4},"f":{"0":6,"1":0,"2":0,"3":0,"4":0},"b":{"0":[0],"1":[0,6],"2":[0,0],"3":[0,0],"4":[0,0],"5":[0,0],"6":[0,0],"7":[0,0],"8":[0,0]}}
,"/home/kevin/projects/vehicle-tracker/backend/src/services/maintenance.service.ts": {"path":"/home/kevin/projects/vehicle-tracker/backend/src/services/maintenance.service.ts","statementMap":{"0":{"start":{"line":2,"column":0},"end":{"line":2,"column":90}},"1":{"start":{"line":4,"column":15},"end":{"line":4,"column":33}},"2":{"start":{"line":15,"column":17},"end":{"line":15,"column":34}},"3":{"start":{"line":16,"column":18},"end":{"line":16,"column":37}},"4":{"start":{"line":17,"column":17},"end":{"line":17,"column":35}},"5":{"start":{"line":19,"column":48},"end":{"line":19,"column":50}},"6":{"start":{"line":21,"column":4},"end":{"line":21,"column":63}},"7":{"start":{"line":21,"column":27},"end":{"line":21,"column":63}},"8":{"start":{"line":22,"column":4},"end":{"line":22,"column":54}},"9":{"start":{"line":22,"column":24},"end":{"line":22,"column":54}},"10":{"start":{"line":23,"column":4},"end":{"line":23,"column":48}},"11":{"start":{"line":23,"column":22},"end":{"line":23,"column":48}},"12":{"start":{"line":25,"column":33},"end":{"line":44,"column":6}},"13":{"start":{"line":46,"column":4},"end":{"line":54,"column":6}},"14":{"start":{"line":65,"column":4},"end":{"line":65,"column":57}},"15":{"start":{"line":68,"column":4},"end":{"line":70,"column":5}},"16":{"start":{"line":69,"column":6},"end":{"line":69,"column":48}},"17":{"start":{"line":72,"column":4},"end":{"line":74,"column":5}},"18":{"start":{"line":73,"column":6},"end":{"line":73,"column":54}},"19":{"start":{"line":76,"column":4},"end":{"line":78,"column":5}},"20":{"start":{"line":77,"column":6},"end":{"line":77,"column":49}},"21":{"start":{"line":81,"column":20},"end":{"line":83,"column":6}},"22":{"start":{"line":85,"column":4},"end":{"line":87,"column":5}},"23":{"start":{"line":86,"column":6},"end":{"line":86,"column":43}},"24":{"start":{"line":90,"column":24},"end":{"line":110,"column":6}},"25":{"start":{"line":113,"column":56},"end":{"line":117,"column":6}},"26":{"start":{"line":119,"column":4},"end":{"line":124,"column":5}},"27":{"start":{"line":120,"column":6},"end":{"line":123,"column":9}},"28":{"start":{"line":126,"column":4},"end":{"line":126,"column":23}},"29":{"start":{"line":131,"column":4},"end":{"line":131,"column":75}},"30":{"start":{"line":133,"column":4},"end":{"line":135,"column":5}},"31":{"start":{"line":134,"column":6},"end":{"line":134,"column":52}},"32":{"start":{"line":138,"column":24},"end":{"line":143,"column":6}},"33":{"start":{"line":145,"column":4},"end":{"line":147,"column":5}},"34":{"start":{"line":146,"column":6},"end":{"line":146,"column":54}},"35":{"start":{"line":150,"column":31},"end":{"line":164,"column":6}},"36":{"start":{"line":167,"column":4},"end":{"line":172,"column":5}},"37":{"start":{"line":168,"column":6},"end":{"line":171,"column":9}},"38":{"start":{"line":174,"column":4},"end":{"line":174,"column":30}},"39"
[...]
":"if","locations":[{"start":{"line":116,"column":4},"end":{"line":118,"column":5}},{"start":{},"end":{}}]},"14":{"loc":{"start":{"line":120,"column":4},"end":{"line":122,"column":5}},"type":"if","locations":[{"start":{"line":120,"column":4},"end":{"line":122,"column":5}},{"start":{},"end":{}}]},"15":{"loc":{"start":{"line":154,"column":19},"end":{"line":154,"column":107}},"type":"cond-expr","locations":[{"start":{"line":154,"column":44},"end":{"line":154,"column":95}},{"start":{"line":154,"column":98},"end":{"line":154,"column":107}}]},"16":{"loc":{"start":{"line":155,"column":18},"end":{"line":155,"column":91}},"type":"cond-expr","locations":[{"start":{"line":155,"column":42},"end":{"line":155,"column":79}},{"start":{"line":155,"column":82},"end":{"line":155,"column":91}}]},"17":{"loc":{"start":{"line":171,"column":17},"end":{"line":171,"column":34}},"type":"binary-expr","locations":[{"start":{"line":171,"column":17},"end":{"line":171,"column":29}},{"start":{"line":171,"column":33},"end":{"line":171,"column":34}}]},"18":{"loc":{"start":{"line":172,"column":18},"end":{"line":172,"column":37}},"type":"binary-expr","locations":[{"start":{"line":172,"column":18},"end":{"line":172,"column":31}},{"start":{"line":172,"column":35},"end":{"line":172,"column":37}}]},"19":{"loc":{"start":{"line":177,"column":4},"end":{"line":177,"column":63}},"type":"if","locations":[{"start":{"line":177,"column":4},"end":{"line":177,"column":63}},{"start":{},"end":{}}]},"20":{"loc":{"start":{"line":178,"column":4},"end":{"line":178,"column":54}},"type":"if","locations":[{"start":{"line":178,"column":4},"end":{"line":178,"column":54}},{"start":{},"end":{}}]},"21":{"loc":{"start":{"line":179,"column":4},"end":{"line":183,"column":5}},"type":"if","locations":[{"start":{"line":179,"column":4},"end":{"line":183,"column":5}},{"start":{},"end":{}}]},"22":{"loc":{"start":{"line":179,"column":8},"end":{"line":179,"column":44}},"type":"binary-expr","locations":[{"start":{"line":179,"column":8},"end":{"line":179,"column":25}},{"start":{"line":179,"column":29},"end":{"line":179,"column":44}}]},"23":{"loc":{"start":{"line":181,"column":6},"end":{"line":181,"column":69}},"type":"if","locations":[{"start":{"line":181,"column":6},"end":{"line":181,"column":69}},{"start":{},"end":{}}]},"24":{"loc":{"start":{"line":182,"column":6},"end":{"line":182,"column":65}},"type":"if","locations":[{"start":{"line":182,"column":6},"end":{"line":182,"column":65}},{"start":{},"end":{}}]},"25":{"loc":{"start":{"line":220,"column":4},"end":{"line":220,"column":47}},"type":"if","locations":[{"start":{"line":220,"column":4},"end":{"line":220,"column":47}},{"start":{},"end":{}}]},"26":{"loc":{"start":{"line":221,"column":4},"end":{"line":225,"column":5}},"type":"if","locations":[{"start":{"line":221,"column":4},"end":{"line":225,"column":5}},{"start":{},"end":{}}]},"27":{"loc":{"start":{"line":221,"column":8},"end":{"line":221,"column":28}},"type":"binary-expr","locations":[{"start":{"line":221,"column":8},"end":{"line":221,"column":17}},{"start":{"line":221,"column":21},"end":{"line":221,"column":28}}]},"28":{"loc":{"start":{"line":223,"column":6},"end":{"line":223,"column":53}},"type":"if","locations":[{"start":{"line":223,"column":6},"end":{"line":223,"column":53}},{"start":{},"end":{}}]},"29":{"loc":{"start":{"line":224,"column":6},"end":{"line":224,"column":49}},"type":"if","locations":[{"start":{"line":224,"column":6},"end":{"line":224,"column":49}},{"start":{},"end":{}}]},"30":{"loc":{"start":{"line":239,"column":61},"end":{"line":239,"column":79}},"type":"binary-expr","locations":[{"start":{"line":239,"column":61},"end":{"line":239,"column":74}},{"start":{"line":239,"column":78},"end":{"line":239,"column":79}}]},"31":{"loc":{"start":{"line":240,"column":61},"end":{"line":240,"column":79}},"type":"binary-expr","locations":[{"start":{"line":240,"column":61},"end":{"line":240,"column":74}},{"start":{"line":240,"column":78},"end":{"line":240,"column":79}}]},"32":{"loc":{"start":{"line":241,"column":30},"end":{"line":241,"column":83}},"type":"cond-expr","locations":[{"start":{"line":241,"column":50},"end":{"line":241,"column":79}},{"start":{"line":241,"column":82},"end":{"line":241,"column":83}}]}},"s":{"0":4,"1":4,"2":1,"3":1,"4":0,"5":1,"6":0,"7":1,"8":1,"9":0,"10":1,"11":0,"12":1,"13":0,"14":1,"15":1,"16":1,"17":1,"18":1,"19":0,"20":1,"21":0,"22":1,"23":0,"24":1,"25":0,"26":1,"27":1,"28":0,"29":1,"30":0,"31":1,"32":1,"33":1,"34":0,"35":0,"36":0,"37":0,"38":0,"39":0,"40":0,"41":0,"42":0,"43":0,"44":0,"45":0,"46":0,"47":0,"48":0,"49":0,"50":0,"51":0,"52":0,"53":0,"54":0,"55":0,"56":0,"57":0,"58":0,"59":0,"60":0,"61":0,"62":0,"63":0,"64":0,"65":0,"66":4},"f":{"0":1,"1":1,"2":0,"3":0,"4":0,"5":0},"b":{"0":[0,1],"1":[0,1],"2":[1,1],"3":[0,1],"4":[0,1],"5":[0,1],"6":[0,1],"7":[0,1],"8":[1,1],"9":[0,1],"10":[1,1],"11":[0,1],"12":[1,1],"13":[0,1],"14":[0,1],"15":[0,1],"16":[0,1],"17":[0,0],"18":[0,0],"19":[0,0],"20":[0,0],"21":[0,0],"22":[0,0],"23":[0,0],"24":[0,0],"25":[0,0],"26":[0,0],"27":[0,0],"28":[0,0],"29":[0,0],"30":[0,0],"31":[0,0],"32":[0,0]}}
,"/home/kevin/projects/vehicle-tracker/backend/src/services/user.service.ts": {"path":"/home/kevin/projects/vehicle-tracker/backend/src/services/user.service.ts","statementMap":{"0":{"start":{"line":2,"column":0},"end":{"line":2,"column":62}},"1":{"start":{"line":4,"column":15},"end":{"line":4,"column":33}},"2":{"start":{"line":11,"column":4},"end":{"line":11,"column":56}},"3":{"start":{"line":15,"column":4},"end":{"line":15,"column":53}},"4":{"start":{"line":24,"column":4},"end":{"line":31,"column":7}},"5":{"start":{"line":38,"column":17},"end":{"line":45,"column":6}},"6":{"start":{"line":46,"column":4},"end":{"line":46,"column":16}},"7":{"start":{"line":50,"column":18},"end":{"line":62,"column":6}},"8":{"start":{"line":63,"column":4},"end":{"line":63,"column":17}},"9":{"start":{"line":72,"column":17},"end":{"line":74,"column":6}},"10":{"start":{"line":75,"column":4},"end":{"line":77,"column":5}},"11":{"start":{"line":76,"column":6},"end":{"line":76,"column":40}},"12":{"start":{"line":79,"column":4},"end":{"line":81,"column":7}},"13":{"start":{"line":9,"column":0},"end":{"line":9,"column":13}}},"fnMap":{"0":{"name":"(anonymous_0)","decl":{"start":{"line":10,"column":2},"end":{"line":10,"column":8}},"loc":{"start":{"line":10,"column":40},"end":{"line":12,"column":3}}},"1":{"name":"(anonymous_1)","decl":{"start":{"line":14,"column":2},"end":{"line":14,"column":8}},"loc":{"start":{"line":14,"column":34},"end":{"line":16,"column":3}}},"2":{"name":"(anonymous_2)","decl":{"start":{"line":18,"column":2},"end":{"line":18,"column":8}},"loc":{"start":{"line":22,"column":18},"end":{"line":32,"column":3}}},"3":{"name":"(anonymous_3)","decl":{"start":{"line":34,"column":2},"end":{"line":34,"column":8}},"loc":{"start":{"line":36,"column":63},"end":{"line":47,"column":3}}},"4":{"name":"(anonymous_4)","decl":{"start":{"line":49,"column":2},"end":{"line":49,"column":8}},"loc":{"start":{"line":49,"column":26},"end":{"line":64,"column":3}}},"5":{"name":"(anonymous_5)","decl":{"start":{"line":70,"column":2},"end":{"line":70,"column":8}},"loc":{"start":{"line":70,"column":40},"end":{"line":82,"column":3}}}},"branchMap":{"0":{"loc":{"start":{"line":41,"column":12},"end":{"line":41,"column":44}},"type":"binary-expr","locations":[{"start":{"line":41,"column":12},"end":{"line":41,"column":21}},{"start":{"line":41,"column":25},"end":{"line":41,"column":44}}]},"1":{"loc":{"start":{"line":42,"column":12},"end":{"line":42,"column":56}},"type":"binary-expr","locations":[{"start":{"line":42,"column":12},"end":{"line":42,"column":25}},{"start":{"line":42,"column":29},"end":{"line":42,"column":56}}]},"2":{"loc":{"start":{"line":43,"column":12},"end":{"line":43,"column":44}},"type":"binary-expr","locations":[{"start":{"line":43,"column":12},"end":{"line":43,"column":21}},{"start":{"line":43,"column":25},"end":{"line":43,"column":44}}]},"3":{"loc":{"start":{"line":75,"column":4},"end":{"line":77,"column":5}},"type":"if","locations":[{"start":{"line":75,"column":4},"end":{"line":77,"column":5}},{"start":{},"end":{}}]}},"s":{"0":4,"1":4,"2":6,"3":0,"4":6,"5":1,"6":1,"7":1,"8":1,"9":1,"10":1,"11":0,"12":1,"13":4},"f":{"0":6,"1":0,"2":6,"3":1,"4":1,"5":1},"b":{"0":[1,0],"1":[1,0],"2":[1,1],"3":[0,1]}}
,"/home/kevin/projects/vehicle-tracker/backend/src/services/vehicle.service.ts": {"path":"/home/kevin/projects/vehicle-tracker/backend/src/services/vehicle.service.ts","statementMap":{"0":{"start":{"line":2,"column":0},"end":{"line":2,"column":100}},"1":{"start":{"line":4,"column":15},"end":{"line":4,"column":33}},"2":{"start":{"line":9,"column":17},"end":{"line":9,"column":35}},"3":{"start":{"line":11,"column":44},"end":{"line":17,"column":10}},"4":{"start":{"line":19,"column":30},"end":{"line":41,"column":6}},"5":{"start":{"line":43,"column":4},"end":{"line":51,"column":6}},"6":{"start":{"line":55,"column":4},"end":{"line":77,"column":5}},"7":{"start":{"line":56,"column":23},"end":{"line":72,"column":8}},"8":{"start":{"line":73,"column":6},"end":{"line":73,"column":22}},"9":{"start":{"line":75,"column":6},"end":{"line":75,"column":65}},"10":{"start":{"line":76,"column":6},"end":{"line":76,"column":60}},"11":{"start":{"line":80,"column":4},"end":{"line":95,"column":7}},"12":{"start":{"line":110,"column":28},"end":{"line":112,"column":6}},"13":{"start":{"line":114,"column":4},"end":{"line":116,"column":5}},"14":{"start":{"line":115,"column":6},"end":{"line":115,"column":72}},"15":{"start":{"line":118,"column":4},"end":{"line":139,"column":7}},"16":{"start":{"line":155,"column":4},"end":{"line":167,"column":7}},"17":{"start":{"line":173,"column":24},"end":{"line":178,"column":6}},"18":{"start":{"line":180,"column":4},"end":{"line":182,"column":5}},"19":{"start":{"line":181,"column":6},"end":{"line":181,"column":65}},"20":{"start":{"line":185,"column":30},"end":{"line":190,"column":6}},"21":{"start":{"line":192,"column":4},"end":{"line":194,"column":5}},"22":{"start":{"line":193,"column":8},"end":{"line":193,"column":89}},"23":{"start":{"line":198,"column":4},"end":{"line":202,"column":7}},"24":{"start":{"line":205,"column":4},"end":{"line":207,"column":7}},"25":{"start":{"line":212,"column":4},"end":{"line":218,"column":7}},"26":{"start":{"line":228,"column":8},"end":{"line":233,"column":6}},"27":{"start":{"line":235,"column":4},"end":{"line":241,"column":6}},"28":{"start":{"line":253,"column":17},"end":{"line":253,"column":35}},"29":{"start":{"line":254,"column":18},"end":{"line":254,"column":38}},"30":{"start":{"line":255,"column":17},"end":{"line":255,"column":35}},"31":{"start":{"line":257,"column":44},"end":{"line":257,"column":46}},"32":{"start":{"line":259,"column":4},"end":{"line":259,"column":56}},"33":{"start":{"line":259,"column":25},"end":{"line":259,"column":56}},"34":{"start":{"line":260,"column":4},"end":{"line":260,"column":108}},"35":{"start":{"line":260,"column":24},"end":{"line":260,"column":108}},"36":{"start":{"line":261,"column":4},"end":{"line":261,"column":108}},"37":{"start":{"line":261,"column":24},"end":{"line":261,"column":108}},"38":{"start":{"line":262,"column":4},"end":{"line":262,"column":50}},"39":{"start":{"line":262,"column":23},"end":{"line":262,"column":50}},"40":{"start":{"line":264,"column":30},"end":{"line":281,"column":6}},"41":{"start":{"line":283,"column":4},"end":{"line":291,"column":6}},"42":{"start":{"line":6,"column":0},"end":{"line":6,"column":13}}},"fnMap":{"0":{"name":"(anonymous_0)","decl":{"start":{"line":8,"column":2},"end":{"line":8,"column":8}},"loc":{"start":{"line":8,"column":83},"end":{"line":52,"column":3}}},"1":{"name":"(anonymous_1)","decl":{"start":{"line":54,"column":0},"end":{"line":54,"column":6}},"loc":{"start":{"line":54,"column":33},"end":{"line":78,"column":3}}},"2":{"name":"(anonymous_2)","decl":{"start":{"line":79,"column":2},"end":{"line":79,"column":8}},"loc":{"start":{"line":79,"column":40},"end":{"line":96,"column":3}}},"3":{"name":"(anonymous_3)","decl":{"start":{"line":99,"column":2},"end":{"line":99,"column":8}},"loc":{"start":{"line":108,"column":3},"end":{"line":140,"column":3}}},"4":{"name":"(anonymous_4)","decl":{"start":{"line":143,"column":2},"end":{"line":143,"column":8}},"loc":{"start":{"line":154,"column":3},"end":{"line":168,"column":3}}},"5":{"name":"(anonymous_5)","decl":{"start":{"line":171,"column":0},"end":{"line":171,"column":6}},"loc":{"start":{"line":171,"column":37},"end":{"line":208,"column":3}}},"6":{"name":"(anonymous_6)","decl":{"start":{"line":211,"column":2},"end":{"line":211,"column":8}},"loc":{"start":{"line":211,"column":84},"end":{"line":219,"column":3}}},"7":{"name":"(anonymous_7)","decl":{"start":{"line":222,"column":2},"end":{"line":222,"column":8}},"loc":{"start":{"line":222,"column":30},"end":{"line":242,"column":3}}},"8":{"name":"(anonymous_8)","decl":{"start":{"line":245,"column":2},"end":{"line":245,"column":8}},"loc":{"start":{"line":252,"column":3},"end":{"line":292,"column":3}}}},"branchMap":{"0":{"loc":{"start":{"line":8,"column":30},"end":{"line":8,"column":46}},"type":"default-arg","locations":[{"start":{"line":8,"column":45},"end":{"line":8,"column":46}}]},"1":{"loc":{"start":{"line":8,"column":48},"end":{"line":8,"column":66}},"type":"default-arg","locations":[{"start":{"line":8,"column":64},"end":{"line":8,"column":66}}]},"2":{"loc":{"start":{"line":11,"column":44},"end":{"line":17,"column":10}},"type":"cond-expr","locations":[{"start":{"line":11,"column":53},"end":{"line":17,"column":6}},{"start":{"line":17,"column":8},"end":{"line":17,"column":10}}]},"3":{"loc":{"start":{"line":114,"column":4},"end":{"line":116,"column":5}},"type":"if","locations":[{"start":{"line":114,"column":4},"end":{"line":116,"column":5}},{"start":{},"end":{}}]},"4":{"loc":{"start":{"line":180,"column":4},"end":{"line":182,"column":5}},"type":"if","locations":[{"start":{"line":180,"column":4},"end":{"line":182,"column":5}},{"start":{},"end":{}}]},"5":{"loc":{"start":{"line":192,"column":4},"end":{"line":194,"column":5}},"type":"if","locations":[{"start":{"line":192,"column":4},"end":{"line":194,"column":5}},{"start":{},"end":{}}]},"6":{"loc":{"start":{"line":240,"column":23},"end":{"line":240,"column":85}},"type":"cond-expr","locations":[{"start":{"line":240,"column":43},"end":{"line":240,"column":81}},{"start":{"line":240,"column":84},"end":{"line":240,"column":85}}]},"7":{"loc":{"start":{"line":253,"column":17},"end":{"line":253,"column":35}},"type":"binary-expr","locations":[{"start":{"line":253,"column":17},"end":{"line":253,"column":30}},{"start":{"line":253,"column":34},"end":{"line":253,"column":35}}]},"8":{"loc":{"start":{"line":254,"column":18},"end":{"line":254,"column":38}},"type":"binary-expr","locations":[{"start":{"line":254,"column":18},"end":{"line":254,"column":32}},{"start":{"line":254,"column":36},"end":{"line":254,"column":38}}]},"9":{"loc":{"start":{"line":259,"column":4},"end":{"line":259,"column":56}},"type":"if","locations":[{"start":{"line":259,"column":4},"end":{"line":259,"column":56}},{"start":{},"end":{}}]},"10":{"loc":{"start":{"line":260,"column":4},"end":{"line":260,"column":108}},"type":"if","locations":[{"start":{"line":260,"column":4},"end":{"line":260,"column":108}},{"start":{},"end":{}}]},"11":{"loc":{"start":{"line":261,"column":4},"end":{"line":261,"column":108}},"type":"if","locations":[{"start":{"line":261,"column":4},"end":{"line":261,"column":108}},{"start":{},"end":{}}]},"12":{"loc":{"start":{"line":262,"column":4},"end":{"line":262,"column":50}},"type":"if","locations":[{"start":{"line":262,"column":4},"end":{"line":262,"column":50}},{"start":{},"end":{}}]}},"s":{"0":4,"1":4,"2":1,"3":1,"4":1,"5":1,"6":0,"7":0,"8":0,"9":0,"10":0,"11":1,"12":1,"13":1,"14":0,"15":1,"16":0,"17":1,"18":1,"19":0,"20":1,"21":1,"22":0,"23":1,"24":1,"25":0,"26":0,"27":0,"28":0,"29":0,"30":0,"31":0,"32":0,"33":0,"34":0,"35":0,"36":0,"37":0,"38":0,"39":0,"40":0,"41":0,"42":4},"f":{"0":1,"1":0,"2":1,"3":1,"4":0,"5":1,"6":0,"7":0,"8":0},"b":{"0":[0],"1":[0],"2":[0,1],"3":[0,1],"4":[0,1],"5":[0,1],"6":[0,0],"7":[0,0],"8":[0,0],"9":[0,0],"10":[0,0],"11":[0,0],"12":[0,0]}}
,"/home/kevin/projects/vehicle-tracker/backend/src/utils/auth.ts": {"path":"/home/kevin/projects/vehicle-tracker/backend/src/utils/auth.ts","statementMap":{"0":{"start":{"line":1,"column":0},"end":{"line":1,"column":31}},"1":{"start":{"line":2,"column":0},"end":{"line":2,"column":30}},"2":{"start":{"line":3,"column":0},"end":{"line":3,"column":35}},"3":{"start":{"line":8,"column":23},"end":{"line":8,"column":25}},"4":{"start":{"line":9,"column":4},"end":{"line":9,"column":45}},"5":{"start":{"line":13,"column":4},"end":{"line":13,"column":52}},"6":{"start":{"line":17,"column":4},"end":{"line":23,"column":6}},"7":{"start":{"line":27,"column":4},"end":{"line":33,"column":6}},"8":{"start":{"line":37,"column":4},"end":{"line":46,"column":5}},"9":{"start":{"line":38,"column":8},"end":{"line":38,"column":104}},"10":{"start":{"line":40,"column":8},"end":{"line":44,"column":9}},"11":{"start":{"line":41,"column":8},"end":{"line":41,"column":41}},"12":{"start":{"line":42,"column":15},"end":{"line":44,"column":9}},"13":{"start":{"line":43,"column":8},"end":{"line":43,"column":41}},"14":{"start":{"line":45,"column":8},"end":{"line":45,"column":41}},"15":{"start":{"line":50,"column":4},"end":{"line":54,"column":5}},"16":{"start":{"line":51,"column":6},"end":{"line":51,"column":56}},"17":{"start":{"line":53,"column":6},"end":{"line":53,"column":47}},"18":{"start":{"line":6,"column":0},"end":{"line":6,"column":13}}},"fnMap":{"0":{"name":"(anonymous_1)","decl":{"start":{"line":7,"column":2},"end":{"line":7,"column":8}},"loc":{"start":{"line":7,"column":44},"end":{"line":10,"column":3}}},"1":{"name":"(anonymous_2)","decl":{"start":{"line":12,"column":2},"end":{"line":12,"column":8}},"loc":{"start":{"line":12,"column":71},"end":{"line":14,"column":3}}},"2":{"name":"(anonymous_3)","decl":{"start":{"line":16,"column":2},"end":{"line":16,"column":8}},"loc":{"start":{"line":16,"column":81},"end":{"line":24,"column":3}}},"3":{"name":"(anonymous_4)","decl":{"start":{"line":26,"column":2},"end":{"line":26,"column":8}},"loc":{"start":{"line":26,"column":72},"end":{"line":34,"column":3}}},"4":{"name":"(anonymous_5)","decl":{"start":{"line":36,"column":4},"end":{"line":36,"column":10}},"loc":{"start":{"line":36,"column":36},"end":{"line":47,"column":5}}},"5":{"name":"(anonymous_6)","decl":{"start":{"line":49,"column":2},"end":{"line":49,"column":8}},"loc":{"start":{"line":49,"column":41},"end":{"line":55,"column":3}}}},"branchMap":{"0":{"loc":{"start":{"line":40,"column":8},"end":{"line":44,"column":9}},"type":"if","locations":[{"start":{"line":40,"column":8},"end":{"line":44,"column":9}},{"start":{"line":42,"column":15},"end":{"line":44,"column":9}}]},"1":{"loc":{"start":{"line":42,"column":15},"end":{"line":44,"column":9}},"type":"if","locations":[{"start":{"line":42,"column":15},"end":{"line":44,"column":9}},{"start":{},"end":{}}]}},"s":{"0":5,"1":5,"2":5,"3":11,"4":11,"5":3,"6":12,"7":7,"8":31,"9":31,"10":4,"11":4,"12":0,"13":0,"14":0,"15":0,"16":0,"17":0,"18":5},"f":{"0":11,"1":3,"2":12,"3":7,"4":31,"5":0},"b":{"0":[4,0],"1":[0,0]}}
,"/home/kevin/projects/vehicle-tracker/backend/src/utils/validation.ts": {"path":"/home/kevin/projects/vehicle-tracker/backend/src/utils/validation.ts","statementMap":{"0":{"start":{"line":2,"column":0},"end":{"line":2,"column":24}},"1":{"start":{"line":3,"column":0},"end":{"line":3,"column":42}},"2":{"start":{"line":6,"column":21},"end":{"line":6,"column":69}},"3":{"start":{"line":8,"column":13},"end":{"line":11,"column":3}},"4":{"start":{"line":13,"column":13},"end":{"line":18,"column":3}},"5":{"start":{"line":20,"column":13},"end":{"line":22,"column":3}},"6":{"start":{"line":24,"column":13},"end":{"line":30,"column":3}},"7":{"start":{"line":33,"column":13},"end":{"line":35,"column":3}}},"fnMap":{},"branchMap":{},"s":{"0":5,"1":5,"2":5,"3":5,"4":5,"5":5,"6":5,"7":5},"f":{},"b":{}}
}
