TN:
SF:src/app.ts
FN:36,(anonymous_1)
FN:45,(anonymous_2)
FN:62,(anonymous_3)
FN:75,(anonymous_4)
FN:94,(anonymous_5)
FNF:5
FNH:0
FNDA:0,(anonymous_1)
FNDA:0,(anonymous_2)
FNDA:0,(anonymous_3)
FNDA:0,(anonymous_4)
FNDA:0,(anonymous_5)
DA:2,4
DA:3,4
DA:4,4
DA:5,4
DA:6,4
DA:7,4
DA:10,4
DA:13,4
DA:14,4
DA:15,4
DA:16,4
DA:17,4
DA:19,4
DA:22,4
DA:23,4
DA:24,4
DA:25,4
DA:26,4
DA:28,4
DA:36,4
DA:37,0
DA:45,4
DA:46,0
DA:54,4
DA:55,4
DA:62,4
DA:63,0
DA:64,0
DA:68,4
DA:69,4
DA:70,4
DA:71,4
DA:72,4
DA:75,4
DA:76,0
DA:94,4
DA:95,0
DA:96,0
DA:102,4
LF:39
LH:32
BRDA:96,0,0,0
BRDA:96,0,1,0
BRDA:98,1,0,0
BRDA:98,1,1,0
BRF:4
BRH:0
end_of_record
TN:
SF:src/config.ts
FNF:0
FNH:0
DA:1,5
DA:3,5
DA:5,5
DA:11,5
DA:12,15
DA:13,0
DA:17,5
LF:7
LH:6
BRDA:12,0,0,0
BRDA:12,0,1,15
BRDA:18,1,0,5
BRDA:18,1,1,0
BRDA:19,2,0,5
BRDA:19,2,1,0
BRDA:23,3,0,5
BRDA:23,3,1,5
BRDA:24,4,0,5
BRDA:24,4,1,5
BRDA:25,5,0,5
BRDA:25,5,1,0
BRDA:26,6,0,5
BRDA:26,6,1,0
BRF:14
BRH:9
end_of_record
TN:
SF:src/server.ts
FN:6,(anonymous_1)
FN:8,(anonymous_2)
FNF:2
FNH:0
FNDA:0,(anonymous_1)
FNDA:0,(anonymous_2)
DA:1,0
DA:2,0
DA:4,0
DA:6,0
DA:7,0
DA:8,0
DA:9,0
DA:10,0
DA:11,0
DA:12,0
DA:15,0
DA:16,0
DA:20,0
LF:13
LH:0
BRF:0
BRH:0
end_of_record
TN:
SF:src/controllers/auth.controller.ts
FN:14,(anonymous_0)
FN:48,(anonymous_1)
FN:75,(anonymous_2)
FN:102,(anonymous_3)
FN:115,(anonymous_4)
FN:150,(anonymous_5)
FNF:6
FNH:1
FNDA:5,(anonymous_0)
FNDA:0,(anonymous_1)
FNDA:0,(anonymous_2)
FNDA:0,(anonymous_3)
FNDA:0,(anonymous_4)
FNDA:0,(anonymous_5)
DA:3,4
DA:4,4
DA:12,4
DA:15,5
DA:16,5
DA:18,5
DA:25,5
DA:27,5
DA:33,0
DA:34,0
DA:39,0
DA:49,0
DA:50,0
DA:52,0
DA:54,0
DA:60,0
DA:61,0
DA:66,0
DA:76,0
DA:77,0
DA:79,0
DA:81,0
DA:87,0
DA:88,0
DA:93,0
DA:103,0
DA:116,0
DA:118,0
DA:119,0
DA:125,0
DA:127,0
DA:132,0
DA:133,0
DA:138,0
DA:151,0
DA:152,0
DA:153,0
DA:159,0
DA:162,0
DA:167,0
DA:173,0
DA:174,0
DA:179,0
LF:43
LH:8
BRDA:33,0,0,0
BRDA:33,0,1,0
BRDA:60,1,0,0
BRDA:60,1,1,0
BRDA:87,2,0,0
BRDA:87,2,1,0
BRDA:118,3,0,0
BRDA:118,3,1,0
BRDA:132,4,0,0
BRDA:132,4,1,0
BRDA:152,5,0,0
BRDA:152,5,1,0
BRDA:173,6,0,0
BRDA:173,6,1,0
BRF:14
BRH:0
end_of_record
TN:
SF:src/controllers/maintenance.controller.ts
FN:8,(anonymous_0)
FN:42,(anonymous_1)
FN:95,(anonymous_2)
FN:130,(anonymous_3)
FN:165,(anonymous_4)
FNF:5
FNH:3
FNDA:0,(anonymous_0)
FNDA:1,(anonymous_1)
FNDA:1,(anonymous_2)
FNDA:1,(anonymous_3)
FNDA:0,(anonymous_4)
DA:3,4
DA:4,4
DA:6,4
DA:9,0
DA:16,0
DA:18,0
DA:26,0
DA:28,0
DA:33,0
DA:34,0
DA:43,1
DA:44,1
DA:46,1
DA:49,1
DA:50,0
DA:57,1
DA:58,1
DA:59,0
DA:65,1
DA:73,1
DA:79,0
DA:80,0
DA:81,0
DA:86,0
DA:96,1
DA:97,1
DA:99,1
DA:100,0
DA:106,1
DA:108,1
DA:114,0
DA:115,0
DA:116,0
DA:121,0
DA:131,1
DA:132,1
DA:134,1
DA:135,0
DA:141,1
DA:143,1
DA:149,0
DA:150,0
DA:151,0
DA:156,0
DA:166,0
DA:167,0
DA:169,0
DA:174,0
DA:175,0
LF:49
LH:21
BRDA:14,0,0,0
BRDA:15,1,0,0
BRDA:49,2,0,0
BRDA:49,2,1,1
BRDA:49,3,0,1
BRDA:49,3,1,1
BRDA:49,3,2,1
BRDA:58,4,0,0
BRDA:58,4,1,1
BRDA:69,5,0,1
BRDA:69,5,1,0
BRDA:70,6,0,0
BRDA:70,6,1,1
BRDA:80,7,0,0
BRDA:80,7,1,0
BRDA:99,8,0,0
BRDA:99,8,1,1
BRDA:115,9,0,0
BRDA:115,9,1,0
BRDA:134,10,0,0
BRDA:134,10,1,1
BRDA:150,11,0,0
BRDA:150,11,1,0
BRF:23
BRH:9
end_of_record
TN:
SF:src/controllers/report.controller.ts
FN:10,(anonymous_1)
FN:56,(anonymous_2)
FN:85,(anonymous_3)
FN:132,(anonymous_4)
FN:174,(anonymous_5)
FN:188,(anonymous_6)
FN:216,(anonymous_7)
FN:229,(anonymous_8)
FNF:8
FNH:5
FNDA:0,(anonymous_1)
FNDA:0,(anonymous_2)
FNDA:1,(anonymous_3)
FNDA:1,(anonymous_4)
FNDA:0,(anonymous_5)
FNDA:1,(anonymous_6)
FNDA:1,(anonymous_7)
FNDA:1,(anonymous_8)
DA:3,4
DA:4,4
DA:5,4
DA:6,4
DA:8,4
DA:11,0
DA:12,0
DA:13,0
DA:19,0
DA:21,0
DA:22,0
DA:28,0
DA:33,0
DA:38,0
DA:47,0
DA:48,0
DA:57,0
DA:58,0
DA:59,0
DA:65,0
DA:67,0
DA:76,0
DA:77,0
DA:86,1
DA:87,1
DA:88,0
DA:94,1
DA:96,1
DA:97,0
DA:103,1
DA:108,1
DA:113,1
DA:122,0
DA:123,0
DA:133,1
DA:134,1
DA:137,1
DA:138,1
DA:140,1
DA:141,0
DA:144,1
DA:145,1
DA:147,0
DA:151,1
DA:152,0
DA:156,1
DA:157,1
DA:160,1
DA:161,0
DA:162,0
DA:165,1
DA:168,1
DA:169,1
DA:172,1
DA:174,1
DA:175,0
DA:176,0
DA:179,1
DA:182,0
DA:183,0
DA:189,1
DA:190,1
DA:191,0
DA:197,1
DA:198,1
DA:200,1
DA:202,1
DA:207,0
DA:208,0
DA:217,1
DA:218,1
DA:219,0
DA:225,1
DA:228,1
DA:229,1
DA:231,1
DA:232,0
DA:239,1
DA:240,0
DA:246,1
DA:251,0
DA:252,0
LF:82
LH:43
BRDA:12,0,0,0
BRDA:12,0,1,0
BRDA:21,1,0,0
BRDA:21,1,1,0
BRDA:21,2,0,0
BRDA:21,2,1,0
BRDA:58,3,0,0
BRDA:58,3,1,0
BRDA:87,4,0,0
BRDA:87,4,1,1
BRDA:96,5,0,0
BRDA:96,5,1,1
BRDA:96,6,0,1
BRDA:96,6,1,1
BRDA:138,7,0,1
BRDA:138,7,1,1
BRDA:140,8,0,0
BRDA:140,8,1,1
BRDA:151,9,0,0
BRDA:151,9,1,1
BRDA:151,10,0,1
BRDA:151,10,1,1
BRDA:151,10,2,1
BRDA:160,11,0,0
BRDA:160,11,1,1
BRDA:190,12,0,0
BRDA:190,12,1,1
BRDA:197,13,0,1
BRDA:197,13,1,1
BRDA:198,14,0,1
BRDA:198,14,1,1
BRDA:218,15,0,0
BRDA:218,15,1,1
BRDA:231,16,0,0
BRDA:231,16,1,1
BRDA:239,17,0,0
BRDA:239,17,1,1
BRDA:239,18,0,1
BRDA:239,18,1,0
BRF:39
BRH:21
end_of_record
TN:
SF:src/controllers/trip.controller.ts
FN:7,(anonymous_0)
FN:61,(anonymous_1)
FN:129,(anonymous_2)
FN:164,(anonymous_3)
FNF:4
FNH:2
FNDA:1,(anonymous_0)
FNDA:1,(anonymous_1)
FNDA:0,(anonymous_2)
FNDA:0,(anonymous_3)
DA:3,4
DA:5,4
DA:8,1
DA:10,1
DA:11,1
DA:13,1
DA:14,1
DA:17,1
DA:18,0
DA:25,1
DA:26,0
DA:32,1
DA:39,1
DA:45,0
DA:46,0
DA:47,0
DA:52,0
DA:62,1
DA:64,1
DA:65,1
DA:67,1
DA:68,1
DA:71,1
DA:72,0
DA:79,1
DA:80,0
DA:86,1
DA:87,0
DA:93,1
DA:94,0
DA:100,1
DA:107,1
DA:113,0
DA:114,0
DA:115,0
DA:120,0
DA:130,0
DA:138,0
DA:140,0
DA:149,0
DA:151,0
DA:156,0
DA:165,0
DA:166,0
DA:168,0
DA:174,0
DA:179,0
LF:47
LH:22
BRDA:17,0,0,0
BRDA:17,0,1,1
BRDA:25,1,0,0
BRDA:25,1,1,1
BRDA:25,2,0,1
BRDA:25,2,1,1
BRDA:46,3,0,0
BRDA:46,3,1,0
BRDA:71,4,0,0
BRDA:71,4,1,1
BRDA:79,5,0,0
BRDA:79,5,1,1
BRDA:79,6,0,1
BRDA:79,6,1,1
BRDA:86,7,0,0
BRDA:86,7,1,1
BRDA:86,8,0,1
BRDA:86,8,1,1
BRDA:93,9,0,0
BRDA:93,9,1,1
BRDA:93,10,0,1
BRDA:93,10,1,1
BRDA:114,11,0,0
BRDA:114,11,1,0
BRDA:136,12,0,0
BRDA:137,13,0,0
BRDA:142,14,0,0
BRDA:142,14,1,0
BRDA:143,15,0,0
BRDA:143,15,1,0
BRDA:170,16,0,0
BRDA:170,16,1,0
BRDA:171,17,0,0
BRDA:171,17,1,0
BRF:34
BRH:14
end_of_record
TN:
SF:src/controllers/user.controller.ts
FN:13,(anonymous_0)
FN:40,(anonymous_1)
FN:55,(anonymous_2)
FN:81,(anonymous_3)
FN:117,(anonymous_4)
FNF:5
FNH:4
FNDA:0,(anonymous_0)
FNDA:1,(anonymous_1)
FNDA:1,(anonymous_2)
FNDA:1,(anonymous_3)
FNDA:1,(anonymous_4)
DA:3,4
DA:4,4
DA:5,4
DA:9,4
DA:11,4
DA:14,0
DA:15,0
DA:16,0
DA:18,0
DA:19,0
DA:24,0
DA:30,0
DA:31,0
DA:33,0
DA:41,1
DA:42,1
DA:43,1
DA:48,0
DA:56,1
DA:57,1
DA:59,1
DA:61,1
DA:66,1
DA:68,1
DA:74,0
DA:82,1
DA:83,1
DA:85,1
DA:92,1
DA:98,0
DA:99,0
DA:104,0
DA:118,1
DA:119,1
DA:122,1
DA:123,0
DA:129,1
DA:131,1
DA:134,0
LF:39
LH:23
BRDA:18,0,0,0
BRDA:18,0,1,0
BRDA:18,1,0,0
BRDA:18,1,1,0
BRDA:25,2,0,0
BRDA:25,2,1,0
BRDA:26,3,0,0
BRDA:26,3,1,0
BRDA:36,4,0,0
BRDA:36,4,1,0
BRDA:51,5,0,0
BRDA:51,5,1,0
BRDA:77,6,0,0
BRDA:77,6,1,0
BRDA:98,7,0,0
BRDA:98,7,1,0
BRDA:122,8,0,0
BRDA:122,8,1,1
BRDA:134,9,0,0
BRDA:134,9,1,0
BRDA:134,10,0,0
BRDA:134,10,1,0
BRDA:137,11,0,0
BRDA:137,11,1,0
BRF:24
BRH:1
end_of_record
TN:
SF:src/controllers/vehicle.controller.ts
FN:7,(anonymous_0)
FN:28,(anonymous_1)
FN:53,(anonymous_2)
FN:96,(anonymous_3)
FN:129,(anonymous_4)
FN:156,(anonymous_5)
FN:173,(anonymous_6)
FN:201,(anonymous_7)
FN:232,(anonymous_8)
FNF:9
FNH:4
FNDA:1,(anonymous_0)
FNDA:1,(anonymous_1)
FNDA:1,(anonymous_2)
FNDA:0,(anonymous_3)
FNDA:1,(anonymous_4)
FNDA:0,(anonymous_5)
FNDA:0,(anonymous_6)
FNDA:0,(anonymous_7)
FNDA:0,(anonymous_8)
DA:2,4
DA:5,4
DA:8,1
DA:9,1
DA:10,1
DA:11,1
DA:13,1
DA:15,1
DA:20,0
DA:29,1
DA:30,1
DA:31,1
DA:33,1
DA:34,0
DA:40,1
DA:45,0
DA:54,1
DA:55,1
DA:57,1
DA:58,0
DA:64,1
DA:75,1
DA:81,0
DA:82,0
DA:87,0
DA:97,0
DA:98,0
DA:99,0
DA:102,0
DA:103,0
DA:104,0
DA:106,0
DA:108,0
DA:114,0
DA:115,0
DA:120,0
DA:130,1
DA:131,1
DA:133,1
DA:135,1
DA:141,0
DA:142,0
DA:147,0
DA:157,0
DA:158,0
DA:160,0
DA:165,0
DA:174,0
DA:175,0
DA:176,0
DA:178,0
DA:179,0
DA:185,0
DA:187,0
DA:193,0
DA:202,0
DA:210,0
DA:212,0
DA:221,0
DA:226,0
DA:233,0
DA:235,0
DA:237,0
DA:244,0
DA:245,0
DA:246,0
DA:251,0
LF:67
LH:22
BRDA:9,0,0,1
BRDA:9,0,1,1
BRDA:10,1,0,1
BRDA:10,1,1,1
BRDA:33,2,0,0
BRDA:33,2,1,1
BRDA:57,3,0,0
BRDA:57,3,1,1
BRDA:71,4,0,0
BRDA:71,4,1,1
BRDA:72,5,0,0
BRDA:72,5,1,1
BRDA:81,6,0,0
BRDA:81,6,1,0
BRDA:102,7,0,0
BRDA:102,7,1,0
BRDA:103,8,0,0
BRDA:103,8,1,0
BRDA:104,9,0,0
BRDA:104,9,1,0
BRDA:114,10,0,0
BRDA:114,10,1,0
BRDA:141,11,0,0
BRDA:141,11,1,0
BRDA:178,12,0,0
BRDA:178,12,1,0
BRDA:178,13,0,0
BRDA:178,13,1,0
BRDA:208,14,0,0
BRDA:209,15,0,0
BRDA:216,16,0,0
BRDA:216,16,1,0
BRDA:245,17,0,0
BRDA:245,17,1,0
BRF:34
BRH:8
end_of_record
TN:
SF:src/docs/swagger.ts
FNF:0
FNH:0
DA:1,4
DA:2,4
DA:3,4
DA:5,4
DA:316,4
DA:325,4
DA:326,4
LF:7
LH:7
BRF:0
BRH:0
end_of_record
TN:
SF:src/middlewares/auth.middleware.ts
FN:6,(anonymous_0)
FN:23,(anonymous_1)
FN:24,(anonymous_2)
FNF:3
FNH:3
FNDA:21,(anonymous_0)
FNDA:12,(anonymous_1)
FNDA:16,(anonymous_2)
DA:3,4
DA:4,4
DA:6,4
DA:7,21
DA:8,21
DA:10,21
DA:11,0
DA:14,21
DA:15,21
DA:16,21
DA:17,21
DA:19,0
DA:23,4
DA:24,12
DA:25,16
DA:26,0
DA:32,16
DA:33,4
DA:39,12
DA:44,4
DA:45,4
DA:46,4
LF:22
LH:19
BRDA:8,0,0,21
BRDA:8,0,1,21
BRDA:10,1,0,0
BRDA:10,1,1,21
BRDA:25,2,0,0
BRDA:25,2,1,16
BRDA:32,3,0,4
BRDA:32,3,1,12
BRF:8
BRH:6
end_of_record
TN:
SF:src/routes/auth.routes.ts
FNF:0
FNH:0
DA:2,4
DA:3,4
DA:5,4
DA:7,4
DA:10,4
DA:11,4
DA:12,4
DA:13,4
DA:16,4
DA:17,4
DA:19,4
LF:11
LH:11
BRF:0
BRH:0
end_of_record
TN:
SF:src/routes/maintenance.routes.ts
FNF:0
FNH:0
DA:2,4
DA:3,4
DA:4,4
DA:6,4
DA:9,4
DA:12,4
DA:13,4
DA:14,4
DA:15,4
DA:16,4
DA:18,4
LF:11
LH:11
BRF:0
BRH:0
end_of_record
TN:
SF:src/routes/report.routes.ts
FNF:0
FNH:0
DA:2,4
DA:3,4
DA:4,4
DA:6,4
DA:9,4
DA:12,4
DA:13,4
DA:14,4
DA:17,4
DA:18,4
DA:21,4
DA:23,4
LF:12
LH:12
BRF:0
BRH:0
end_of_record
TN:
SF:src/routes/user.routes.ts
FNF:0
FNH:0
DA:2,4
DA:3,4
DA:4,4
DA:6,4
DA:9,4
DA:10,4
DA:13,4
DA:14,4
DA:15,4
DA:16,4
DA:19,4
DA:22,4
LF:12
LH:12
BRF:0
BRH:0
end_of_record
TN:
SF:src/routes/vehicle.routes.ts
FNF:0
FNH:0
DA:2,4
DA:3,4
DA:4,4
DA:5,4
DA:7,4
DA:10,4
DA:13,4
DA:14,4
DA:15,4
DA:18,4
DA:20,4
DA:23,4
DA:24,4
DA:25,4
DA:26,4
DA:29,4
DA:30,4
DA:31,4
DA:32,4
DA:35,4
DA:36,4
DA:38,4
LF:22
LH:22
BRF:0
BRH:0
end_of_record
TN:
SF:src/services/auth.service.ts
FN:9,(anonymous_0)
FN:44,(anonymous_1)
FN:82,(anonymous_2)
FN:123,(anonymous_3)
FN:136,(anonymous_4)
FNF:5
FNH:1
FNDA:6,(anonymous_0)
FNDA:0,(anonymous_1)
FNDA:0,(anonymous_2)
FNDA:0,(anonymous_3)
FNDA:0,(anonymous_4)
DA:2,4
DA:3,4
DA:4,4
DA:7,4
DA:10,6
DA:12,6
DA:13,6
DA:14,0
DA:18,6
DA:20,6
DA:22,6
DA:35,6
DA:37,6
DA:45,0
DA:47,0
DA:48,0
DA:49,0
DA:52,0
DA:56,0
DA:57,0
DA:60,0
DA:73,0
DA:75,0
DA:83,0
DA:84,0
DA:89,0
DA:90,0
DA:91,0
DA:94,0
DA:107,0
DA:109,0
DA:114,0
DA:124,0
DA:125,0
DA:126,0
DA:129,0
DA:130,0
DA:140,0
DA:142,0
DA:143,0
DA:147,0
DA:148,0
DA:151,0
DA:152,0
DA:156,0
DA:159,0
DA:161,0
LF:47
LH:12
BRDA:10,0,0,0
BRDA:13,1,0,0
BRDA:13,1,1,6
BRDA:48,2,0,0
BRDA:48,2,1,0
BRDA:56,3,0,0
BRDA:56,3,1,0
BRDA:90,4,0,0
BRDA:90,4,1,0
BRDA:125,5,0,0
BRDA:125,5,1,0
BRDA:142,6,0,0
BRDA:142,6,1,0
BRDA:147,7,0,0
BRDA:147,7,1,0
BRDA:151,8,0,0
BRDA:151,8,1,0
BRF:17
BRH:1
end_of_record
TN:
SF:src/services/maintenance.service.ts
FN:8,(anonymous_0)
FN:58,(anonymous_1)
FN:130,(anonymous_2)
FN:178,(anonymous_3)
FN:183,(anonymous_4)
FN:188,(anonymous_5)
FNF:6
FNH:4
FNDA:0,(anonymous_0)
FNDA:1,(anonymous_1)
FNDA:2,(anonymous_2)
FNDA:1,(anonymous_3)
FNDA:1,(anonymous_4)
FNDA:0,(anonymous_5)
DA:2,4
DA:4,4
DA:6,4
DA:15,0
DA:16,0
DA:17,0
DA:19,0
DA:21,0
DA:22,0
DA:23,0
DA:25,0
DA:46,0
DA:65,1
DA:68,1
DA:69,0
DA:72,1
DA:73,0
DA:76,1
DA:77,0
DA:81,1
DA:85,1
DA:86,0
DA:90,1
DA:113,1
DA:119,1
DA:120,1
DA:126,1
DA:131,2
DA:133,2
DA:134,0
DA:138,2
DA:145,2
DA:146,0
DA:150,2
DA:167,2
DA:168,1
DA:174,2
DA:179,1
DA:184,1
DA:195,0
DA:210,0
LF:41
LH:24
BRDA:15,0,0,0
BRDA:15,0,1,0
BRDA:16,1,0,0
BRDA:16,1,1,0
BRDA:21,2,0,0
BRDA:21,2,1,0
BRDA:22,3,0,0
BRDA:22,3,1,0
BRDA:23,4,0,0
BRDA:23,4,1,0
BRDA:68,5,0,0
BRDA:68,5,1,1
BRDA:72,6,0,0
BRDA:72,6,1,1
BRDA:76,7,0,0
BRDA:76,7,1,1
BRDA:85,8,0,0
BRDA:85,8,1,1
BRDA:96,9,0,1
BRDA:96,9,1,1
BRDA:119,10,0,1
BRDA:119,10,1,0
BRDA:133,11,0,0
BRDA:133,11,1,2
BRDA:145,12,0,0
BRDA:145,12,1,2
BRDA:167,13,0,1
BRDA:167,13,1,1
BRDA:167,14,0,2
BRDA:167,14,1,1
BRDA:215,15,0,0
BRDA:215,15,1,0
BRDA:216,16,0,0
BRDA:216,16,1,0
BRF:34
BRH:13
end_of_record
TN:
SF:src/services/report.service.ts
FN:12,(anonymous_1)
FN:53,(anonymous_2)
FN:54,(anonymous_3)
FN:77,(anonymous_4)
FN:78,(anonymous_5)
FN:78,(anonymous_6)
FN:79,(anonymous_7)
FN:79,(anonymous_8)
FN:127,(anonymous_9)
FN:214,(anonymous_10)
FN:248,(anonymous_11)
FN:249,(anonymous_12)
FN:284,(anonymous_13)
FN:330,(anonymous_14)
FN:376,(anonymous_15)
FN:400,(anonymous_16)
FNF:16
FNH:5
FNDA:0,(anonymous_1)
FNDA:0,(anonymous_2)
FNDA:0,(anonymous_3)
FNDA:0,(anonymous_4)
FNDA:0,(anonymous_5)
FNDA:0,(anonymous_6)
FNDA:0,(anonymous_7)
FNDA:0,(anonymous_8)
FNDA:0,(anonymous_9)
FNDA:1,(anonymous_10)
FNDA:3,(anonymous_11)
FNDA:3,(anonymous_12)
FNDA:2,(anonymous_13)
FNDA:2,(anonymous_14)
FNDA:0,(anonymous_15)
FNDA:0,(anonymous_16)
DA:2,4
DA:3,4
DA:4,4
DA:5,4
DA:8,4
DA:10,4
DA:13,0
DA:14,0
DA:17,0
DA:30,0
DA:51,0
DA:52,0
DA:53,0
DA:54,0
DA:55,0
DA:58,0
DA:60,0
DA:74,0
DA:75,0
DA:77,0
DA:78,0
DA:79,0
DA:83,0
DA:84,0
DA:91,0
DA:92,0
DA:93,0
DA:96,0
DA:97,0
DA:98,0
DA:101,0
DA:104,0
DA:119,0
DA:128,0
DA:129,0
DA:132,0
DA:144,0
DA:160,0
DA:161,0
DA:174,0
DA:175,0
DA:182,0
DA:183,0
DA:184,0
DA:187,0
DA:188,0
DA:189,0
DA:192,0
DA:195,0
DA:206,0
DA:215,1
DA:218,1
DA:219,1
DA:222,1
DA:228,1
DA:247,1
DA:248,3
DA:249,3
DA:250,1
DA:253,1
DA:254,1
DA:255,1
DA:256,1
DA:257,1
DA:260,1
DA:271,1
DA:272,3
DA:284,1
DA:285,2
DA:286,2
DA:294,1
DA:295,1
DA:296,1
DA:299,1
DA:300,1
DA:301,0
DA:304,1
DA:307,1
DA:322,1
DA:331,2
DA:333,2
DA:366,2
DA:377,0
LF:83
LH:37
BRDA:53,0,0,0
BRDA:53,0,1,0
BRDA:54,1,0,0
BRDA:54,1,1,0
BRDA:55,2,0,0
BRDA:55,2,1,0
BRDA:58,3,0,0
BRDA:58,3,1,0
BRDA:78,4,0,0
BRDA:78,4,1,0
BRDA:79,5,0,0
BRDA:79,5,1,0
BRDA:97,6,0,0
BRDA:97,6,1,0
BRDA:169,7,0,0
BRDA:169,7,1,0
BRDA:188,8,0,0
BRDA:188,8,1,0
BRDA:248,9,0,3
BRDA:248,9,1,0
BRDA:249,10,0,3
BRDA:249,10,1,0
BRDA:250,11,0,1
BRDA:250,11,1,0
BRDA:276,12,0,3
BRDA:276,12,1,0
BRDA:277,13,0,3
BRDA:277,13,1,0
BRDA:278,14,0,3
BRDA:278,14,1,0
BRDA:300,15,0,0
BRDA:300,15,1,1
BRDA:330,16,0,0
BRDA:330,17,0,0
BRF:34
BRH:7
end_of_record
TN:
SF:src/services/trip.service.ts
FN:7,(anonymous_0)
FN:83,(anonymous_1)
FN:163,(anonymous_2)
FN:217,(anonymous_3)
FN:239,(anonymous_4)
FN:240,(anonymous_5)
FNF:6
FNH:2
FNDA:1,(anonymous_0)
FNDA:1,(anonymous_1)
FNDA:0,(anonymous_2)
FNDA:0,(anonymous_3)
FNDA:0,(anonymous_4)
FNDA:0,(anonymous_5)
DA:2,4
DA:4,4
DA:6,4
DA:12,1
DA:15,1
DA:16,0
DA:19,1
DA:20,0
DA:24,1
DA:37,1
DA:38,0
DA:41,1
DA:42,0
DA:45,1
DA:46,0
DA:49,1
DA:71,1
DA:80,1
DA:89,1
DA:92,1
DA:93,0
DA:96,1
DA:97,0
DA:100,1
DA:101,0
DA:104,1
DA:105,0
DA:109,1
DA:116,1
DA:117,0
DA:120,1
DA:121,0
DA:125,1
DA:148,1
DA:159,1
DA:171,0
DA:172,0
DA:173,0
DA:175,0
DA:177,0
DA:178,0
DA:179,0
DA:180,0
DA:181,0
DA:182,0
DA:185,0
DA:205,0
DA:218,0
DA:220,0
DA:221,0
DA:222,0
DA:223,0
DA:224,0
DA:227,0
DA:239,0
DA:240,0
DA:241,0
DA:243,0
LF:58
LH:24
BRDA:15,0,0,0
BRDA:15,0,1,1
BRDA:19,1,0,0
BRDA:19,1,1,1
BRDA:19,2,0,1
BRDA:19,2,1,1
BRDA:37,3,0,0
BRDA:37,3,1,1
BRDA:41,4,0,0
BRDA:41,4,1,1
BRDA:45,5,0,0
BRDA:45,5,1,1
BRDA:92,6,0,0
BRDA:92,6,1,1
BRDA:96,7,0,0
BRDA:96,7,1,1
BRDA:96,8,0,1
BRDA:96,8,1,1
BRDA:100,9,0,0
BRDA:100,9,1,1
BRDA:100,10,0,1
BRDA:100,10,1,1
BRDA:104,11,0,0
BRDA:104,11,1,1
BRDA:104,12,0,1
BRDA:104,12,1,1
BRDA:116,13,0,0
BRDA:116,13,1,1
BRDA:120,14,0,0
BRDA:120,14,1,1
BRDA:154,15,0,0
BRDA:154,15,1,1
BRDA:155,16,0,0
BRDA:155,16,1,1
BRDA:171,17,0,0
BRDA:171,17,1,0
BRDA:172,18,0,0
BRDA:172,18,1,0
BRDA:177,19,0,0
BRDA:177,19,1,0
BRDA:178,20,0,0
BRDA:178,20,1,0
BRDA:179,21,0,0
BRDA:179,21,1,0
BRDA:179,22,0,0
BRDA:179,22,1,0
BRDA:181,23,0,0
BRDA:181,23,1,0
BRDA:182,24,0,0
BRDA:182,24,1,0
BRDA:220,25,0,0
BRDA:220,25,1,0
BRDA:221,26,0,0
BRDA:221,26,1,0
BRDA:221,27,0,0
BRDA:221,27,1,0
BRDA:223,28,0,0
BRDA:223,28,1,0
BRDA:224,29,0,0
BRDA:224,29,1,0
BRDA:239,30,0,0
BRDA:239,30,1,0
BRDA:240,31,0,0
BRDA:240,31,1,0
BRDA:241,32,0,0
BRDA:241,32,1,0
BRF:66
BRH:21
end_of_record
TN:
SF:src/services/user.service.ts
FN:10,(anonymous_0)
FN:14,(anonymous_1)
FN:18,(anonymous_2)
FN:34,(anonymous_3)
FN:49,(anonymous_4)
FN:70,(anonymous_5)
FNF:6
FNH:5
FNDA:6,(anonymous_0)
FNDA:0,(anonymous_1)
FNDA:6,(anonymous_2)
FNDA:1,(anonymous_3)
FNDA:1,(anonymous_4)
FNDA:1,(anonymous_5)
DA:2,4
DA:4,4
DA:9,4
DA:11,6
DA:15,0
DA:24,6
DA:38,1
DA:46,1
DA:50,1
DA:63,1
DA:72,1
DA:75,1
DA:76,0
DA:79,1
LF:14
LH:12
BRDA:41,0,0,1
BRDA:41,0,1,0
BRDA:42,1,0,1
BRDA:42,1,1,0
BRDA:43,2,0,1
BRDA:43,2,1,1
BRDA:75,3,0,0
BRDA:75,3,1,1
BRF:8
BRH:5
end_of_record
TN:
SF:src/services/vehicle.service.ts
FN:8,(anonymous_0)
FN:54,(anonymous_1)
FN:79,(anonymous_2)
FN:99,(anonymous_3)
FN:143,(anonymous_4)
FN:171,(anonymous_5)
FN:211,(anonymous_6)
FN:222,(anonymous_7)
FN:245,(anonymous_8)
FNF:9
FNH:4
FNDA:1,(anonymous_0)
FNDA:0,(anonymous_1)
FNDA:1,(anonymous_2)
FNDA:1,(anonymous_3)
FNDA:0,(anonymous_4)
FNDA:1,(anonymous_5)
FNDA:0,(anonymous_6)
FNDA:0,(anonymous_7)
FNDA:0,(anonymous_8)
DA:2,4
DA:4,4
DA:6,4
DA:9,1
DA:11,1
DA:19,1
DA:43,1
DA:55,0
DA:56,0
DA:73,0
DA:75,0
DA:76,0
DA:80,1
DA:110,1
DA:114,1
DA:115,0
DA:118,1
DA:155,0
DA:173,1
DA:180,1
DA:181,0
DA:185,1
DA:192,1
DA:193,0
DA:198,1
DA:205,1
DA:212,0
DA:228,0
DA:235,0
DA:253,0
DA:254,0
DA:255,0
DA:257,0
DA:259,0
DA:260,0
DA:261,0
DA:262,0
DA:264,0
DA:283,0
LF:39
LH:17
BRDA:8,0,0,0
BRDA:8,1,0,0
BRDA:11,2,0,0
BRDA:11,2,1,1
BRDA:114,3,0,0
BRDA:114,3,1,1
BRDA:180,4,0,0
BRDA:180,4,1,1
BRDA:192,5,0,0
BRDA:192,5,1,1
BRDA:240,6,0,0
BRDA:240,6,1,0
BRDA:253,7,0,0
BRDA:253,7,1,0
BRDA:254,8,0,0
BRDA:254,8,1,0
BRDA:259,9,0,0
BRDA:259,9,1,0
BRDA:260,10,0,0
BRDA:260,10,1,0
BRDA:261,11,0,0
BRDA:261,11,1,0
BRDA:262,12,0,0
BRDA:262,12,1,0
BRF:24
BRH:4
end_of_record
TN:
SF:src/utils/auth.ts
FN:7,(anonymous_1)
FN:12,(anonymous_2)
FN:16,(anonymous_3)
FN:26,(anonymous_4)
FN:36,(anonymous_5)
FN:49,(anonymous_6)
FNF:6
FNH:5
FNDA:11,(anonymous_1)
FNDA:3,(anonymous_2)
FNDA:12,(anonymous_3)
FNDA:7,(anonymous_4)
FNDA:31,(anonymous_5)
FNDA:0,(anonymous_6)
DA:1,5
DA:2,5
DA:3,5
DA:6,5
DA:8,11
DA:9,11
DA:13,3
DA:17,12
DA:27,7
DA:37,31
DA:38,31
DA:40,4
DA:41,4
DA:42,0
DA:43,0
DA:45,0
DA:50,0
DA:51,0
DA:53,0
LF:19
LH:13
BRDA:40,0,0,4
BRDA:40,0,1,0
BRDA:42,1,0,0
BRDA:42,1,1,0
BRF:4
BRH:1
end_of_record
TN:
SF:src/utils/validation.ts
FNF:0
FNH:0
DA:2,5
DA:3,5
DA:6,5
DA:8,5
DA:13,5
DA:20,5
DA:24,5
DA:33,5
LF:8
LH:8
BRF:0
BRH:0
end_of_record
